{"C:\\wamp\\www\\tracker-server\\src\\common\\test\\utils\\component.decorator.spec.ts":{"path":"C:\\wamp\\www\\tracker-server\\src\\common\\test\\utils\\component.decorator.spec.ts","statementMap":{"0":{"start":{"line":2,"column":17},"end":{"line":7,"column":1}},"1":{"start":{"line":3,"column":12},"end":{"line":3,"column":28}},"2":{"start":{"line":3,"column":34},"end":{"line":3,"column":125}},"3":{"start":{"line":4,"column":4},"end":{"line":5,"column":150}},"4":{"start":{"line":4,"column":79},"end":{"line":4,"column":131}},"5":{"start":{"line":5,"column":9},"end":{"line":5,"column":150}},"6":{"start":{"line":5,"column":58},"end":{"line":5,"column":150}},"7":{"start":{"line":5,"column":81},"end":{"line":5,"column":150}},"8":{"start":{"line":6,"column":4},"end":{"line":6,"column":66}},"9":{"start":{"line":8,"column":17},"end":{"line":10,"column":1}},"10":{"start":{"line":9,"column":4},"end":{"line":9,"column":109}},"11":{"start":{"line":9,"column":79},"end":{"line":9,"column":109}},"12":{"start":{"line":11,"column":0},"end":{"line":11,"column":28}},"13":{"start":{"line":12,"column":0},"end":{"line":12,"column":17}},"14":{"start":{"line":13,"column":15},"end":{"line":13,"column":30}},"15":{"start":{"line":14,"column":30},"end":{"line":14,"column":72}},"16":{"start":{"line":15,"column":0},"end":{"line":28,"column":3}},"17":{"start":{"line":16,"column":24},"end":{"line":18,"column":5}},"18":{"start":{"line":19,"column":4},"end":{"line":22,"column":22}},"19":{"start":{"line":23,"column":4},"end":{"line":27,"column":7}},"20":{"start":{"line":24,"column":34},"end":{"line":24,"column":89}},"21":{"start":{"line":25,"column":8},"end":{"line":25,"column":62}},"22":{"start":{"line":26,"column":8},"end":{"line":26,"column":62}}},"fnMap":{"0":{"name":"(anonymous_0)","decl":{"start":{"line":2,"column":46},"end":{"line":2,"column":47}},"loc":{"start":{"line":2,"column":87},"end":{"line":7,"column":1}}},"1":{"name":"(anonymous_1)","decl":{"start":{"line":8,"column":46},"end":{"line":8,"column":47}},"loc":{"start":{"line":8,"column":62},"end":{"line":10,"column":1}}},"2":{"name":"(anonymous_2)","decl":{"start":{"line":15,"column":24},"end":{"line":15,"column":25}},"loc":{"start":{"line":15,"column":30},"end":{"line":28,"column":1}}},"3":{"name":"(anonymous_3)","decl":{"start":{"line":17,"column":8},"end":{"line":17,"column":9}},"loc":{"start":{"line":17,"column":33},"end":{"line":17,"column":36}}},"4":{"name":"(anonymous_4)","decl":{"start":{"line":23,"column":65},"end":{"line":23,"column":66}},"loc":{"start":{"line":23,"column":71},"end":{"line":27,"column":5}}}},"branchMap":{"0":{"loc":{"start":{"line":2,"column":17},"end":{"line":7,"column":1}},"type":"binary-expr","locations":[{"start":{"line":2,"column":18},"end":{"line":2,"column":22}},{"start":{"line":2,"column":26},"end":{"line":2,"column":41}},{"start":{"line":2,"column":46},"end":{"line":7,"column":1}}]},"1":{"loc":{"start":{"line":3,"column":34},"end":{"line":3,"column":125}},"type":"cond-expr","locations":[{"start":{"line":3,"column":42},"end":{"line":3,"column":48}},{"start":{"line":3,"column":51},"end":{"line":3,"column":125}}]},"2":{"loc":{"start":{"line":3,"column":51},"end":{"line":3,"column":125}},"type":"cond-expr","locations":[{"start":{"line":3,"column":67},"end":{"line":3,"column":118}},{"start":{"line":3,"column":121},"end":{"line":3,"column":125}}]},"3":{"loc":{"start":{"line":4,"column":4},"end":{"line":5,"column":150}},"type":"if","locations":[{"start":{"line":4,"column":4},"end":{"line":5,"column":150}},{"start":{"line":4,"column":4},"end":{"line":5,"column":150}}]},"4":{"loc":{"start":{"line":4,"column":8},"end":{"line":4,"column":77}},"type":"binary-expr","locations":[{"start":{"line":4,"column":8},"end":{"line":4,"column":35}},{"start":{"line":4,"column":39},"end":{"line":4,"column":77}}]},"5":{"loc":{"start":{"line":5,"column":58},"end":{"line":5,"column":150}},"type":"if","locations":[{"start":{"line":5,"column":58},"end":{"line":5,"column":150}},{"start":{"line":5,"column":58},"end":{"line":5,"column":150}}]},"6":{"loc":{"start":{"line":5,"column":85},"end":{"line":5,"column":149}},"type":"binary-expr","locations":[{"start":{"line":5,"column":86},"end":{"line":5,"column":143}},{"start":{"line":5,"column":148},"end":{"line":5,"column":149}}]},"7":{"loc":{"start":{"line":5,"column":86},"end":{"line":5,"column":143}},"type":"cond-expr","locations":[{"start":{"line":5,"column":94},"end":{"line":5,"column":98}},{"start":{"line":5,"column":101},"end":{"line":5,"column":143}}]},"8":{"loc":{"start":{"line":5,"column":101},"end":{"line":5,"column":143}},"type":"cond-expr","locations":[{"start":{"line":5,"column":109},"end":{"line":5,"column":126}},{"start":{"line":5,"column":129},"end":{"line":5,"column":143}}]},"9":{"loc":{"start":{"line":6,"column":11},"end":{"line":6,"column":62}},"type":"binary-expr","locations":[{"start":{"line":6,"column":11},"end":{"line":6,"column":16}},{"start":{"line":6,"column":20},"end":{"line":6,"column":21}},{"start":{"line":6,"column":25},"end":{"line":6,"column":62}}]},"10":{"loc":{"start":{"line":8,"column":17},"end":{"line":10,"column":1}},"type":"binary-expr","locations":[{"start":{"line":8,"column":18},"end":{"line":8,"column":22}},{"start":{"line":8,"column":26},"end":{"line":8,"column":41}},{"start":{"line":8,"column":46},"end":{"line":10,"column":1}}]},"11":{"loc":{"start":{"line":9,"column":4},"end":{"line":9,"column":109}},"type":"if","locations":[{"start":{"line":9,"column":4},"end":{"line":9,"column":109}},{"start":{"line":9,"column":4},"end":{"line":9,"column":109}}]},"12":{"loc":{"start":{"line":9,"column":8},"end":{"line":9,"column":77}},"type":"binary-expr","locations":[{"start":{"line":9,"column":8},"end":{"line":9,"column":35}},{"start":{"line":9,"column":39},"end":{"line":9,"column":77}}]}},"s":{"0":1,"1":1,"2":1,"3":1,"4":1,"5":0,"6":0,"7":0,"8":1,"9":1,"10":1,"11":1,"12":1,"13":1,"14":1,"15":1,"16":1,"17":1,"18":1,"19":1,"20":1,"21":1,"22":1},"f":{"0":1,"1":1,"2":1,"3":0,"4":1},"b":{"0":[1,1,1],"1":[1,0],"2":[0,0],"3":[1,0],"4":[1,1],"5":[0,0],"6":[0,0],"7":[0,0],"8":[0,0],"9":[1,0,0],"10":[1,1,1],"11":[1,0],"12":[1,1]},"_coverageSchema":"332fd63041d2c1bcb487cc26dd0d5f7d97098a6c","hash":"15fe42e1c459120d240fbd5522298db29f4767c6","contentHash":"91042b0169fae52a2c1d385b04bb438c_10.1.2"},"C:\\wamp\\www\\tracker-server\\src\\common\\utils\\component.decorator.ts":{"path":"C:\\wamp\\www\\tracker-server\\src\\common\\utils\\component.decorator.ts","statementMap":{"0":{"start":{"line":2,"column":0},"end":{"line":4,"column":2}},"1":{"start":{"line":3,"column":4},"end":{"line":3,"column":27}}},"fnMap":{"0":{"name":"(anonymous_0)","decl":{"start":{"line":2,"column":20},"end":{"line":2,"column":21}},"loc":{"start":{"line":2,"column":26},"end":{"line":4,"column":1}}},"1":{"name":"(anonymous_1)","decl":{"start":{"line":3,"column":11},"end":{"line":3,"column":12}},"loc":{"start":{"line":3,"column":23},"end":{"line":3,"column":26}}}},"branchMap":{},"s":{"0":1,"1":11},"f":{"0":11,"1":11},"b":{},"_coverageSchema":"332fd63041d2c1bcb487cc26dd0d5f7d97098a6c","hash":"f1b41c9ad6b05424573159fa45fb41135fb0c6e9","contentHash":"d68cbb3e9105e090bf0f21134e5fc25d_10.1.2"},"C:\\wamp\\www\\tracker-server\\src\\common\\test\\utils\\controller.decorator.spec.ts":{"path":"C:\\wamp\\www\\tracker-server\\src\\common\\test\\utils\\controller.decorator.spec.ts","statementMap":{"0":{"start":{"line":2,"column":17},"end":{"line":7,"column":1}},"1":{"start":{"line":3,"column":12},"end":{"line":3,"column":28}},"2":{"start":{"line":3,"column":34},"end":{"line":3,"column":125}},"3":{"start":{"line":4,"column":4},"end":{"line":5,"column":150}},"4":{"start":{"line":4,"column":79},"end":{"line":4,"column":131}},"5":{"start":{"line":5,"column":9},"end":{"line":5,"column":150}},"6":{"start":{"line":5,"column":58},"end":{"line":5,"column":150}},"7":{"start":{"line":5,"column":81},"end":{"line":5,"column":150}},"8":{"start":{"line":6,"column":4},"end":{"line":6,"column":66}},"9":{"start":{"line":8,"column":17},"end":{"line":10,"column":1}},"10":{"start":{"line":9,"column":4},"end":{"line":9,"column":109}},"11":{"start":{"line":9,"column":79},"end":{"line":9,"column":109}},"12":{"start":{"line":11,"column":0},"end":{"line":11,"column":28}},"13":{"start":{"line":12,"column":15},"end":{"line":12,"column":30}},"14":{"start":{"line":13,"column":31},"end":{"line":13,"column":74}},"15":{"start":{"line":14,"column":0},"end":{"line":42,"column":3}},"16":{"start":{"line":15,"column":18},"end":{"line":17,"column":5}},"17":{"start":{"line":18,"column":15},"end":{"line":19,"column":5}},"18":{"start":{"line":20,"column":4},"end":{"line":23,"column":13}},"19":{"start":{"line":24,"column":22},"end":{"line":25,"column":5}},"20":{"start":{"line":26,"column":4},"end":{"line":29,"column":20}},"21":{"start":{"line":30,"column":4},"end":{"line":33,"column":7}},"22":{"start":{"line":31,"column":21},"end":{"line":31,"column":54}},"23":{"start":{"line":32,"column":8},"end":{"line":32,"column":50}},"24":{"start":{"line":34,"column":4},"end":{"line":37,"column":7}},"25":{"start":{"line":35,"column":21},"end":{"line":35,"column":61}},"26":{"start":{"line":36,"column":8},"end":{"line":36,"column":43}},"27":{"start":{"line":38,"column":4},"end":{"line":41,"column":7}},"28":{"start":{"line":39,"column":21},"end":{"line":39,"column":61}},"29":{"start":{"line":40,"column":8},"end":{"line":40,"column":43}}},"fnMap":{"0":{"name":"(anonymous_0)","decl":{"start":{"line":2,"column":46},"end":{"line":2,"column":47}},"loc":{"start":{"line":2,"column":87},"end":{"line":7,"column":1}}},"1":{"name":"(anonymous_1)","decl":{"start":{"line":8,"column":46},"end":{"line":8,"column":47}},"loc":{"start":{"line":8,"column":62},"end":{"line":10,"column":1}}},"2":{"name":"(anonymous_2)","decl":{"start":{"line":14,"column":24},"end":{"line":14,"column":25}},"loc":{"start":{"line":14,"column":30},"end":{"line":42,"column":1}}},"3":{"name":"(anonymous_3)","decl":{"start":{"line":30,"column":59},"end":{"line":30,"column":60}},"loc":{"start":{"line":30,"column":65},"end":{"line":33,"column":5}}},"4":{"name":"(anonymous_4)","decl":{"start":{"line":34,"column":65},"end":{"line":34,"column":66}},"loc":{"start":{"line":34,"column":71},"end":{"line":37,"column":5}}},"5":{"name":"(anonymous_5)","decl":{"start":{"line":38,"column":61},"end":{"line":38,"column":62}},"loc":{"start":{"line":38,"column":67},"end":{"line":41,"column":5}}}},"branchMap":{"0":{"loc":{"start":{"line":2,"column":17},"end":{"line":7,"column":1}},"type":"binary-expr","locations":[{"start":{"line":2,"column":18},"end":{"line":2,"column":22}},{"start":{"line":2,"column":26},"end":{"line":2,"column":41}},{"start":{"line":2,"column":46},"end":{"line":7,"column":1}}]},"1":{"loc":{"start":{"line":3,"column":34},"end":{"line":3,"column":125}},"type":"cond-expr","locations":[{"start":{"line":3,"column":42},"end":{"line":3,"column":48}},{"start":{"line":3,"column":51},"end":{"line":3,"column":125}}]},"2":{"loc":{"start":{"line":3,"column":51},"end":{"line":3,"column":125}},"type":"cond-expr","locations":[{"start":{"line":3,"column":67},"end":{"line":3,"column":118}},{"start":{"line":3,"column":121},"end":{"line":3,"column":125}}]},"3":{"loc":{"start":{"line":4,"column":4},"end":{"line":5,"column":150}},"type":"if","locations":[{"start":{"line":4,"column":4},"end":{"line":5,"column":150}},{"start":{"line":4,"column":4},"end":{"line":5,"column":150}}]},"4":{"loc":{"start":{"line":4,"column":8},"end":{"line":4,"column":77}},"type":"binary-expr","locations":[{"start":{"line":4,"column":8},"end":{"line":4,"column":35}},{"start":{"line":4,"column":39},"end":{"line":4,"column":77}}]},"5":{"loc":{"start":{"line":5,"column":58},"end":{"line":5,"column":150}},"type":"if","locations":[{"start":{"line":5,"column":58},"end":{"line":5,"column":150}},{"start":{"line":5,"column":58},"end":{"line":5,"column":150}}]},"6":{"loc":{"start":{"line":5,"column":85},"end":{"line":5,"column":149}},"type":"binary-expr","locations":[{"start":{"line":5,"column":86},"end":{"line":5,"column":143}},{"start":{"line":5,"column":148},"end":{"line":5,"column":149}}]},"7":{"loc":{"start":{"line":5,"column":86},"end":{"line":5,"column":143}},"type":"cond-expr","locations":[{"start":{"line":5,"column":94},"end":{"line":5,"column":98}},{"start":{"line":5,"column":101},"end":{"line":5,"column":143}}]},"8":{"loc":{"start":{"line":5,"column":101},"end":{"line":5,"column":143}},"type":"cond-expr","locations":[{"start":{"line":5,"column":109},"end":{"line":5,"column":126}},{"start":{"line":5,"column":129},"end":{"line":5,"column":143}}]},"9":{"loc":{"start":{"line":6,"column":11},"end":{"line":6,"column":62}},"type":"binary-expr","locations":[{"start":{"line":6,"column":11},"end":{"line":6,"column":16}},{"start":{"line":6,"column":20},"end":{"line":6,"column":21}},{"start":{"line":6,"column":25},"end":{"line":6,"column":62}}]},"10":{"loc":{"start":{"line":8,"column":17},"end":{"line":10,"column":1}},"type":"binary-expr","locations":[{"start":{"line":8,"column":18},"end":{"line":8,"column":22}},{"start":{"line":8,"column":26},"end":{"line":8,"column":41}},{"start":{"line":8,"column":46},"end":{"line":10,"column":1}}]},"11":{"loc":{"start":{"line":9,"column":4},"end":{"line":9,"column":109}},"type":"if","locations":[{"start":{"line":9,"column":4},"end":{"line":9,"column":109}},{"start":{"line":9,"column":4},"end":{"line":9,"column":109}}]},"12":{"loc":{"start":{"line":9,"column":8},"end":{"line":9,"column":77}},"type":"binary-expr","locations":[{"start":{"line":9,"column":8},"end":{"line":9,"column":35}},{"start":{"line":9,"column":39},"end":{"line":9,"column":77}}]}},"s":{"0":1,"1":2,"2":2,"3":2,"4":2,"5":0,"6":0,"7":0,"8":2,"9":1,"10":2,"11":2,"12":1,"13":1,"14":1,"15":1,"16":1,"17":1,"18":1,"19":1,"20":1,"21":1,"22":1,"23":1,"24":1,"25":1,"26":1,"27":1,"28":1,"29":1},"f":{"0":2,"1":2,"2":1,"3":1,"4":1,"5":1},"b":{"0":[1,1,1],"1":[2,0],"2":[0,0],"3":[2,0],"4":[2,2],"5":[0,0],"6":[0,0],"7":[0,0],"8":[0,0],"9":[2,0,0],"10":[1,1,1],"11":[2,0],"12":[2,2]},"_coverageSchema":"332fd63041d2c1bcb487cc26dd0d5f7d97098a6c","hash":"e3a3310d7e634e4ab87ed47ac1f4b6c550b22171","contentHash":"373b794ca4591307ce3bf127a0c04e4c_10.1.2"},"C:\\wamp\\www\\tracker-server\\src\\common\\utils\\controller.decorator.ts":{"path":"C:\\wamp\\www\\tracker-server\\src\\common\\utils\\controller.decorator.ts","statementMap":{"0":{"start":{"line":2,"column":0},"end":{"line":2,"column":28}},"1":{"start":{"line":3,"column":24},"end":{"line":3,"column":37}},"2":{"start":{"line":4,"column":0},"end":{"line":11,"column":2}},"3":{"start":{"line":5,"column":4},"end":{"line":7,"column":5}},"4":{"start":{"line":6,"column":8},"end":{"line":6,"column":28}},"5":{"start":{"line":8,"column":4},"end":{"line":10,"column":6}},"6":{"start":{"line":9,"column":8},"end":{"line":9,"column":62}}},"fnMap":{"0":{"name":"(anonymous_0)","decl":{"start":{"line":4,"column":21},"end":{"line":4,"column":22}},"loc":{"start":{"line":4,"column":53},"end":{"line":11,"column":1}}},"1":{"name":"(anonymous_1)","decl":{"start":{"line":8,"column":11},"end":{"line":8,"column":12}},"loc":{"start":{"line":8,"column":23},"end":{"line":10,"column":5}}}},"branchMap":{"0":{"loc":{"start":{"line":4,"column":22},"end":{"line":4,"column":48}},"type":"default-arg","locations":[{"start":{"line":4,"column":33},"end":{"line":4,"column":48}}]},"1":{"loc":{"start":{"line":5,"column":4},"end":{"line":7,"column":5}},"type":"if","locations":[{"start":{"line":5,"column":4},"end":{"line":7,"column":5}},{"start":{"line":5,"column":4},"end":{"line":7,"column":5}}]}},"s":{"0":1,"1":1,"2":1,"3":10,"4":0,"5":10,"6":10},"f":{"0":10,"1":10},"b":{"0":[1],"1":[0,10]},"_coverageSchema":"332fd63041d2c1bcb487cc26dd0d5f7d97098a6c","hash":"adf2de39603738e782acd53093cbf8a98b13b5b0","contentHash":"5baa7f0f8b55dbbe2f288aaf48b36784_10.1.2"},"C:\\wamp\\www\\tracker-server\\src\\common\\test\\utils\\module.decorator.spec.ts":{"path":"C:\\wamp\\www\\tracker-server\\src\\common\\test\\utils\\module.decorator.spec.ts","statementMap":{"0":{"start":{"line":2,"column":15},"end":{"line":9,"column":1}},"1":{"start":{"line":3,"column":4},"end":{"line":7,"column":5}},"2":{"start":{"line":4,"column":8},"end":{"line":4,"column":25}},"3":{"start":{"line":5,"column":8},"end":{"line":6,"column":24}},"4":{"start":{"line":5,"column":25},"end":{"line":6,"column":24}},"5":{"start":{"line":6,"column":12},"end":{"line":6,"column":24}},"6":{"start":{"line":8,"column":4},"end":{"line":8,"column":13}},"7":{"start":{"line":10,"column":17},"end":{"line":15,"column":1}},"8":{"start":{"line":11,"column":12},"end":{"line":11,"column":28}},"9":{"start":{"line":11,"column":34},"end":{"line":11,"column":125}},"10":{"start":{"line":12,"column":4},"end":{"line":13,"column":150}},"11":{"start":{"line":12,"column":79},"end":{"line":12,"column":131}},"12":{"start":{"line":13,"column":9},"end":{"line":13,"column":150}},"13":{"start":{"line":13,"column":58},"end":{"line":13,"column":150}},"14":{"start":{"line":13,"column":81},"end":{"line":13,"column":150}},"15":{"start":{"line":14,"column":4},"end":{"line":14,"column":66}},"16":{"start":{"line":16,"column":17},"end":{"line":18,"column":1}},"17":{"start":{"line":17,"column":4},"end":{"line":17,"column":109}},"18":{"start":{"line":17,"column":79},"end":{"line":17,"column":109}},"19":{"start":{"line":19,"column":0},"end":{"line":19,"column":28}},"20":{"start":{"line":20,"column":15},"end":{"line":20,"column":30}},"21":{"start":{"line":21,"column":27},"end":{"line":21,"column":66}},"22":{"start":{"line":22,"column":42},"end":{"line":22,"column":111}},"23":{"start":{"line":23,"column":0},"end":{"line":50,"column":3}},"24":{"start":{"line":24,"column":24},"end":{"line":29,"column":5}},"25":{"start":{"line":30,"column":21},"end":{"line":31,"column":5}},"26":{"start":{"line":32,"column":4},"end":{"line":35,"column":19}},"27":{"start":{"line":36,"column":4},"end":{"line":45,"column":7}},"28":{"start":{"line":37,"column":24},"end":{"line":37,"column":66}},"29":{"start":{"line":38,"column":27},"end":{"line":38,"column":72}},"30":{"start":{"line":39,"column":24},"end":{"line":39,"column":66}},"31":{"start":{"line":40,"column":28},"end":{"line":40,"column":74}},"32":{"start":{"line":41,"column":8},"end":{"line":41,"column":62}},"33":{"start":{"line":42,"column":8},"end":{"line":42,"column":68}},"34":{"start":{"line":43,"column":8},"end":{"line":43,"column":70}},"35":{"start":{"line":44,"column":8},"end":{"line":44,"column":62}},"36":{"start":{"line":46,"column":4},"end":{"line":49,"column":7}},"37":{"start":{"line":47,"column":29},"end":{"line":47,"column":68}},"38":{"start":{"line":48,"column":8},"end":{"line":48,"column":147}}},"fnMap":{"0":{"name":"(anonymous_0)","decl":{"start":{"line":2,"column":59},"end":{"line":2,"column":60}},"loc":{"start":{"line":2,"column":71},"end":{"line":9,"column":1}}},"1":{"name":"(anonymous_1)","decl":{"start":{"line":10,"column":46},"end":{"line":10,"column":47}},"loc":{"start":{"line":10,"column":87},"end":{"line":15,"column":1}}},"2":{"name":"(anonymous_2)","decl":{"start":{"line":16,"column":46},"end":{"line":16,"column":47}},"loc":{"start":{"line":16,"column":62},"end":{"line":18,"column":1}}},"3":{"name":"(anonymous_3)","decl":{"start":{"line":23,"column":20},"end":{"line":23,"column":21}},"loc":{"start":{"line":23,"column":26},"end":{"line":50,"column":1}}},"4":{"name":"(anonymous_4)","decl":{"start":{"line":36,"column":61},"end":{"line":36,"column":62}},"loc":{"start":{"line":36,"column":67},"end":{"line":45,"column":5}}},"5":{"name":"(anonymous_5)","decl":{"start":{"line":46,"column":68},"end":{"line":46,"column":69}},"loc":{"start":{"line":46,"column":74},"end":{"line":49,"column":5}}}},"branchMap":{"0":{"loc":{"start":{"line":2,"column":15},"end":{"line":9,"column":1}},"type":"binary-expr","locations":[{"start":{"line":2,"column":16},"end":{"line":2,"column":20}},{"start":{"line":2,"column":24},"end":{"line":2,"column":37}},{"start":{"line":2,"column":42},"end":{"line":2,"column":55}},{"start":{"line":2,"column":59},"end":{"line":9,"column":1}}]},"1":{"loc":{"start":{"line":5,"column":25},"end":{"line":6,"column":24}},"type":"if","locations":[{"start":{"line":5,"column":25},"end":{"line":6,"column":24}},{"start":{"line":5,"column":25},"end":{"line":6,"column":24}}]},"2":{"loc":{"start":{"line":10,"column":17},"end":{"line":15,"column":1}},"type":"binary-expr","locations":[{"start":{"line":10,"column":18},"end":{"line":10,"column":22}},{"start":{"line":10,"column":26},"end":{"line":10,"column":41}},{"start":{"line":10,"column":46},"end":{"line":15,"column":1}}]},"3":{"loc":{"start":{"line":11,"column":34},"end":{"line":11,"column":125}},"type":"cond-expr","locations":[{"start":{"line":11,"column":42},"end":{"line":11,"column":48}},{"start":{"line":11,"column":51},"end":{"line":11,"column":125}}]},"4":{"loc":{"start":{"line":11,"column":51},"end":{"line":11,"column":125}},"type":"cond-expr","locations":[{"start":{"line":11,"column":67},"end":{"line":11,"column":118}},{"start":{"line":11,"column":121},"end":{"line":11,"column":125}}]},"5":{"loc":{"start":{"line":12,"column":4},"end":{"line":13,"column":150}},"type":"if","locations":[{"start":{"line":12,"column":4},"end":{"line":13,"column":150}},{"start":{"line":12,"column":4},"end":{"line":13,"column":150}}]},"6":{"loc":{"start":{"line":12,"column":8},"end":{"line":12,"column":77}},"type":"binary-expr","locations":[{"start":{"line":12,"column":8},"end":{"line":12,"column":35}},{"start":{"line":12,"column":39},"end":{"line":12,"column":77}}]},"7":{"loc":{"start":{"line":13,"column":58},"end":{"line":13,"column":150}},"type":"if","locations":[{"start":{"line":13,"column":58},"end":{"line":13,"column":150}},{"start":{"line":13,"column":58},"end":{"line":13,"column":150}}]},"8":{"loc":{"start":{"line":13,"column":85},"end":{"line":13,"column":149}},"type":"binary-expr","locations":[{"start":{"line":13,"column":86},"end":{"line":13,"column":143}},{"start":{"line":13,"column":148},"end":{"line":13,"column":149}}]},"9":{"loc":{"start":{"line":13,"column":86},"end":{"line":13,"column":143}},"type":"cond-expr","locations":[{"start":{"line":13,"column":94},"end":{"line":13,"column":98}},{"start":{"line":13,"column":101},"end":{"line":13,"column":143}}]},"10":{"loc":{"start":{"line":13,"column":101},"end":{"line":13,"column":143}},"type":"cond-expr","locations":[{"start":{"line":13,"column":109},"end":{"line":13,"column":126}},{"start":{"line":13,"column":129},"end":{"line":13,"column":143}}]},"11":{"loc":{"start":{"line":14,"column":11},"end":{"line":14,"column":62}},"type":"binary-expr","locations":[{"start":{"line":14,"column":11},"end":{"line":14,"column":16}},{"start":{"line":14,"column":20},"end":{"line":14,"column":21}},{"start":{"line":14,"column":25},"end":{"line":14,"column":62}}]},"12":{"loc":{"start":{"line":16,"column":17},"end":{"line":18,"column":1}},"type":"binary-expr","locations":[{"start":{"line":16,"column":18},"end":{"line":16,"column":22}},{"start":{"line":16,"column":26},"end":{"line":16,"column":41}},{"start":{"line":16,"column":46},"end":{"line":18,"column":1}}]},"13":{"loc":{"start":{"line":17,"column":4},"end":{"line":17,"column":109}},"type":"if","locations":[{"start":{"line":17,"column":4},"end":{"line":17,"column":109}},{"start":{"line":17,"column":4},"end":{"line":17,"column":109}}]},"14":{"loc":{"start":{"line":17,"column":8},"end":{"line":17,"column":77}},"type":"binary-expr","locations":[{"start":{"line":17,"column":8},"end":{"line":17,"column":35}},{"start":{"line":17,"column":39},"end":{"line":17,"column":77}}]}},"s":{"0":1,"1":0,"2":0,"3":0,"4":0,"5":0,"6":0,"7":1,"8":1,"9":1,"10":1,"11":1,"12":0,"13":0,"14":0,"15":1,"16":1,"17":1,"18":1,"19":1,"20":1,"21":1,"22":1,"23":1,"24":1,"25":1,"26":1,"27":1,"28":1,"29":1,"30":1,"31":1,"32":1,"33":1,"34":1,"35":1,"36":1,"37":1,"38":1},"f":{"0":0,"1":1,"2":1,"3":1,"4":1,"5":1},"b":{"0":[1,1,1,0],"1":[0,0],"2":[1,1,1],"3":[1,0],"4":[0,0],"5":[1,0],"6":[1,1],"7":[0,0],"8":[0,0],"9":[0,0],"10":[0,0],"11":[1,0,0],"12":[1,1,1],"13":[1,0],"14":[1,1]},"_coverageSchema":"332fd63041d2c1bcb487cc26dd0d5f7d97098a6c","hash":"97f6e7adbf283f10f45c2af427ca2166ca91536c","contentHash":"6827782741d1eaf6dc05f239e4781bf7_10.1.2"},"C:\\wamp\\www\\tracker-server\\src\\common\\utils\\module.decorator.ts":{"path":"C:\\wamp\\www\\tracker-server\\src\\common\\utils\\module.decorator.ts","statementMap":{"0":{"start":{"line":2,"column":0},"end":{"line":2,"column":28}},"1":{"start":{"line":3,"column":42},"end":{"line":3,"column":108}},"2":{"start":{"line":4,"column":0},"end":{"line":19,"column":2}},"3":{"start":{"line":5,"column":22},"end":{"line":5,"column":40}},"4":{"start":{"line":6,"column":29},"end":{"line":6,"column":80}},"5":{"start":{"line":7,"column":4},"end":{"line":11,"column":7}},"6":{"start":{"line":8,"column":8},"end":{"line":10,"column":9}},"7":{"start":{"line":8,"column":50},"end":{"line":8,"column":64}},"8":{"start":{"line":9,"column":12},"end":{"line":9,"column":91}},"9":{"start":{"line":12,"column":4},"end":{"line":18,"column":6}},"10":{"start":{"line":13,"column":8},"end":{"line":17,"column":9}},"11":{"start":{"line":14,"column":12},"end":{"line":16,"column":13}},"12":{"start":{"line":15,"column":16},"end":{"line":15,"column":74}}},"fnMap":{"0":{"name":"(anonymous_0)","decl":{"start":{"line":4,"column":17},"end":{"line":4,"column":18}},"loc":{"start":{"line":4,"column":28},"end":{"line":19,"column":1}}},"1":{"name":"(anonymous_1)","decl":{"start":{"line":7,"column":18},"end":{"line":7,"column":19}},"loc":{"start":{"line":7,"column":28},"end":{"line":11,"column":5}}},"2":{"name":"(anonymous_2)","decl":{"start":{"line":8,"column":39},"end":{"line":8,"column":40}},"loc":{"start":{"line":8,"column":50},"end":{"line":8,"column":64}}},"3":{"name":"(anonymous_3)","decl":{"start":{"line":12,"column":11},"end":{"line":12,"column":12}},"loc":{"start":{"line":12,"column":23},"end":{"line":18,"column":5}}}},"branchMap":{"0":{"loc":{"start":{"line":8,"column":8},"end":{"line":10,"column":9}},"type":"if","locations":[{"start":{"line":8,"column":8},"end":{"line":10,"column":9}},{"start":{"line":8,"column":8},"end":{"line":10,"column":9}}]},"1":{"loc":{"start":{"line":14,"column":12},"end":{"line":16,"column":13}},"type":"if","locations":[{"start":{"line":14,"column":12},"end":{"line":16,"column":13}},{"start":{"line":14,"column":12},"end":{"line":16,"column":13}}]}},"s":{"0":1,"1":1,"2":1,"3":5,"4":5,"5":5,"6":15,"7":41,"8":1,"9":4,"10":4,"11":10,"12":10},"f":{"0":5,"1":15,"2":41,"3":4},"b":{"0":[1,14],"1":[10,0]},"_coverageSchema":"332fd63041d2c1bcb487cc26dd0d5f7d97098a6c","hash":"92d304628b584994b864c5cb1066586884ccb6df","contentHash":"b82dc6267c7bf8111cb8d2e6240610d1_10.1.2"},"C:\\wamp\\www\\tracker-server\\src\\errors\\exceptions\\invalid-module-config.exception.ts":{"path":"C:\\wamp\\www\\tracker-server\\src\\errors\\exceptions\\invalid-module-config.exception.ts","statementMap":{"0":{"start":{"line":2,"column":28},"end":{"line":2,"column":58}},"1":{"start":{"line":5,"column":8},"end":{"line":5,"column":75}},"2":{"start":{"line":8,"column":0},"end":{"line":8,"column":68}}},"fnMap":{"0":{"name":"(anonymous_0)","decl":{"start":{"line":4,"column":4},"end":{"line":4,"column":5}},"loc":{"start":{"line":4,"column":26},"end":{"line":6,"column":5}}}},"branchMap":{},"s":{"0":1,"1":1,"2":1},"f":{"0":1},"b":{},"_coverageSchema":"332fd63041d2c1bcb487cc26dd0d5f7d97098a6c","hash":"baf8a12ab399e9e9afcf2723954ef131cc99038c","contentHash":"1dbf8ff42181a1483e48a5071f8e5607_10.1.2"},"C:\\wamp\\www\\tracker-server\\src\\errors\\exceptions\\runtime.exception.ts":{"path":"C:\\wamp\\www\\tracker-server\\src\\errors\\exceptions\\runtime.exception.ts","statementMap":{"0":{"start":{"line":4,"column":8},"end":{"line":4,"column":16}},"1":{"start":{"line":5,"column":8},"end":{"line":5,"column":23}},"2":{"start":{"line":8,"column":8},"end":{"line":8,"column":24}},"3":{"start":{"line":11,"column":0},"end":{"line":11,"column":44}}},"fnMap":{"0":{"name":"(anonymous_0)","decl":{"start":{"line":3,"column":4},"end":{"line":3,"column":5}},"loc":{"start":{"line":3,"column":21},"end":{"line":6,"column":5}}},"1":{"name":"(anonymous_1)","decl":{"start":{"line":7,"column":4},"end":{"line":7,"column":5}},"loc":{"start":{"line":7,"column":11},"end":{"line":9,"column":5}}}},"branchMap":{},"s":{"0":8,"1":8,"2":0,"3":1},"f":{"0":8,"1":0},"b":{},"_coverageSchema":"332fd63041d2c1bcb487cc26dd0d5f7d97098a6c","hash":"f92121a2cbe8c2fb27f5232f2c599814585bbfa9","contentHash":"2b9d92d21d9da7679f483f5364ee12fa_10.1.2"},"C:\\wamp\\www\\tracker-server\\src\\common\\test\\utils\\request-mapping.decorator.spec.ts":{"path":"C:\\wamp\\www\\tracker-server\\src\\common\\test\\utils\\request-mapping.decorator.spec.ts","statementMap":{"0":{"start":{"line":2,"column":17},"end":{"line":7,"column":1}},"1":{"start":{"line":3,"column":12},"end":{"line":3,"column":28}},"2":{"start":{"line":3,"column":34},"end":{"line":3,"column":125}},"3":{"start":{"line":4,"column":4},"end":{"line":5,"column":150}},"4":{"start":{"line":4,"column":79},"end":{"line":4,"column":131}},"5":{"start":{"line":5,"column":9},"end":{"line":5,"column":150}},"6":{"start":{"line":5,"column":58},"end":{"line":5,"column":150}},"7":{"start":{"line":5,"column":81},"end":{"line":5,"column":150}},"8":{"start":{"line":6,"column":4},"end":{"line":6,"column":66}},"9":{"start":{"line":8,"column":17},"end":{"line":10,"column":1}},"10":{"start":{"line":9,"column":4},"end":{"line":9,"column":109}},"11":{"start":{"line":9,"column":79},"end":{"line":9,"column":109}},"12":{"start":{"line":11,"column":0},"end":{"line":11,"column":28}},"13":{"start":{"line":12,"column":15},"end":{"line":12,"column":30}},"14":{"start":{"line":13,"column":36},"end":{"line":13,"column":84}},"15":{"start":{"line":14,"column":30},"end":{"line":14,"column":72}},"16":{"start":{"line":15,"column":42},"end":{"line":15,"column":111}},"17":{"start":{"line":16,"column":0},"end":{"line":52,"column":3}},"18":{"start":{"line":17,"column":25},"end":{"line":20,"column":5}},"19":{"start":{"line":21,"column":4},"end":{"line":35,"column":7}},"20":{"start":{"line":25,"column":8},"end":{"line":30,"column":31}},"21":{"start":{"line":31,"column":21},"end":{"line":31,"column":59}},"22":{"start":{"line":32,"column":23},"end":{"line":32,"column":63}},"23":{"start":{"line":33,"column":8},"end":{"line":33,"column":61}},"24":{"start":{"line":34,"column":8},"end":{"line":34,"column":57}},"25":{"start":{"line":36,"column":4},"end":{"line":48,"column":7}},"26":{"start":{"line":40,"column":8},"end":{"line":45,"column":31}},"27":{"start":{"line":46,"column":23},"end":{"line":46,"column":63}},"28":{"start":{"line":47,"column":8},"end":{"line":47,"column":81}},"29":{"start":{"line":49,"column":4},"end":{"line":51,"column":7}},"30":{"start":{"line":50,"column":8},"end":{"line":50,"column":151}}},"fnMap":{"0":{"name":"(anonymous_0)","decl":{"start":{"line":2,"column":46},"end":{"line":2,"column":47}},"loc":{"start":{"line":2,"column":87},"end":{"line":7,"column":1}}},"1":{"name":"(anonymous_1)","decl":{"start":{"line":8,"column":46},"end":{"line":8,"column":47}},"loc":{"start":{"line":8,"column":62},"end":{"line":10,"column":1}}},"2":{"name":"(anonymous_2)","decl":{"start":{"line":16,"column":28},"end":{"line":16,"column":29}},"loc":{"start":{"line":16,"column":34},"end":{"line":52,"column":1}}},"3":{"name":"(anonymous_3)","decl":{"start":{"line":21,"column":62},"end":{"line":21,"column":63}},"loc":{"start":{"line":21,"column":68},"end":{"line":35,"column":5}}},"4":{"name":"(anonymous_4)","decl":{"start":{"line":23,"column":12},"end":{"line":23,"column":13}},"loc":{"start":{"line":23,"column":26},"end":{"line":23,"column":29}}},"5":{"name":"(anonymous_5)","decl":{"start":{"line":36,"column":54},"end":{"line":36,"column":55}},"loc":{"start":{"line":36,"column":60},"end":{"line":48,"column":5}}},"6":{"name":"(anonymous_6)","decl":{"start":{"line":38,"column":12},"end":{"line":38,"column":13}},"loc":{"start":{"line":38,"column":26},"end":{"line":38,"column":29}}},"7":{"name":"(anonymous_7)","decl":{"start":{"line":49,"column":63},"end":{"line":49,"column":64}},"loc":{"start":{"line":49,"column":69},"end":{"line":51,"column":5}}}},"branchMap":{"0":{"loc":{"start":{"line":2,"column":17},"end":{"line":7,"column":1}},"type":"binary-expr","locations":[{"start":{"line":2,"column":18},"end":{"line":2,"column":22}},{"start":{"line":2,"column":26},"end":{"line":2,"column":41}},{"start":{"line":2,"column":46},"end":{"line":7,"column":1}}]},"1":{"loc":{"start":{"line":3,"column":34},"end":{"line":3,"column":125}},"type":"cond-expr","locations":[{"start":{"line":3,"column":42},"end":{"line":3,"column":48}},{"start":{"line":3,"column":51},"end":{"line":3,"column":125}}]},"2":{"loc":{"start":{"line":3,"column":51},"end":{"line":3,"column":125}},"type":"cond-expr","locations":[{"start":{"line":3,"column":67},"end":{"line":3,"column":118}},{"start":{"line":3,"column":121},"end":{"line":3,"column":125}}]},"3":{"loc":{"start":{"line":4,"column":4},"end":{"line":5,"column":150}},"type":"if","locations":[{"start":{"line":4,"column":4},"end":{"line":5,"column":150}},{"start":{"line":4,"column":4},"end":{"line":5,"column":150}}]},"4":{"loc":{"start":{"line":4,"column":8},"end":{"line":4,"column":77}},"type":"binary-expr","locations":[{"start":{"line":4,"column":8},"end":{"line":4,"column":35}},{"start":{"line":4,"column":39},"end":{"line":4,"column":77}}]},"5":{"loc":{"start":{"line":5,"column":58},"end":{"line":5,"column":150}},"type":"if","locations":[{"start":{"line":5,"column":58},"end":{"line":5,"column":150}},{"start":{"line":5,"column":58},"end":{"line":5,"column":150}}]},"6":{"loc":{"start":{"line":5,"column":85},"end":{"line":5,"column":149}},"type":"binary-expr","locations":[{"start":{"line":5,"column":86},"end":{"line":5,"column":143}},{"start":{"line":5,"column":148},"end":{"line":5,"column":149}}]},"7":{"loc":{"start":{"line":5,"column":86},"end":{"line":5,"column":143}},"type":"cond-expr","locations":[{"start":{"line":5,"column":94},"end":{"line":5,"column":98}},{"start":{"line":5,"column":101},"end":{"line":5,"column":143}}]},"8":{"loc":{"start":{"line":5,"column":101},"end":{"line":5,"column":143}},"type":"cond-expr","locations":[{"start":{"line":5,"column":109},"end":{"line":5,"column":126}},{"start":{"line":5,"column":129},"end":{"line":5,"column":143}}]},"9":{"loc":{"start":{"line":6,"column":11},"end":{"line":6,"column":62}},"type":"binary-expr","locations":[{"start":{"line":6,"column":11},"end":{"line":6,"column":16}},{"start":{"line":6,"column":20},"end":{"line":6,"column":21}},{"start":{"line":6,"column":25},"end":{"line":6,"column":62}}]},"10":{"loc":{"start":{"line":8,"column":17},"end":{"line":10,"column":1}},"type":"binary-expr","locations":[{"start":{"line":8,"column":18},"end":{"line":8,"column":22}},{"start":{"line":8,"column":26},"end":{"line":8,"column":41}},{"start":{"line":8,"column":46},"end":{"line":10,"column":1}}]},"11":{"loc":{"start":{"line":9,"column":4},"end":{"line":9,"column":109}},"type":"if","locations":[{"start":{"line":9,"column":4},"end":{"line":9,"column":109}},{"start":{"line":9,"column":4},"end":{"line":9,"column":109}}]},"12":{"loc":{"start":{"line":9,"column":8},"end":{"line":9,"column":77}},"type":"binary-expr","locations":[{"start":{"line":9,"column":8},"end":{"line":9,"column":35}},{"start":{"line":9,"column":39},"end":{"line":9,"column":77}}]}},"s":{"0":1,"1":2,"2":2,"3":2,"4":2,"5":0,"6":0,"7":0,"8":2,"9":1,"10":6,"11":6,"12":1,"13":1,"14":1,"15":1,"16":1,"17":1,"18":1,"19":1,"20":1,"21":1,"22":1,"23":1,"24":1,"25":1,"26":1,"27":1,"28":1,"29":1,"30":1},"f":{"0":2,"1":6,"2":1,"3":1,"4":0,"5":1,"6":0,"7":1},"b":{"0":[1,1,1],"1":[0,2],"2":[2,0],"3":[2,0],"4":[2,2],"5":[0,0],"6":[0,0],"7":[0,0],"8":[0,0],"9":[2,2,2],"10":[1,1,1],"11":[6,0],"12":[6,6]},"_coverageSchema":"332fd63041d2c1bcb487cc26dd0d5f7d97098a6c","hash":"59df74b7201d2e435cf7a7992e3ce5e1f07c1ca3","contentHash":"eb0b055afc719b1d5bb8871834719f64_10.1.2"},"C:\\wamp\\www\\tracker-server\\src\\common\\utils\\request-mapping.decorator.ts":{"path":"C:\\wamp\\www\\tracker-server\\src\\common\\utils\\request-mapping.decorator.ts","statementMap":{"0":{"start":{"line":2,"column":0},"end":{"line":2,"column":28}},"1":{"start":{"line":3,"column":30},"end":{"line":3,"column":69}},"2":{"start":{"line":4,"column":42},"end":{"line":4,"column":108}},"3":{"start":{"line":5,"column":0},"end":{"line":15,"column":2}},"4":{"start":{"line":6,"column":4},"end":{"line":8,"column":5}},"5":{"start":{"line":7,"column":8},"end":{"line":7,"column":99}},"6":{"start":{"line":9,"column":26},"end":{"line":9,"column":84}},"7":{"start":{"line":10,"column":4},"end":{"line":14,"column":6}},"8":{"start":{"line":11,"column":8},"end":{"line":11,"column":72}},"9":{"start":{"line":12,"column":8},"end":{"line":12,"column":74}},"10":{"start":{"line":13,"column":8},"end":{"line":13,"column":26}}},"fnMap":{"0":{"name":"(anonymous_0)","decl":{"start":{"line":5,"column":25},"end":{"line":5,"column":26}},"loc":{"start":{"line":5,"column":39},"end":{"line":15,"column":1}}},"1":{"name":"(anonymous_1)","decl":{"start":{"line":10,"column":11},"end":{"line":10,"column":12}},"loc":{"start":{"line":10,"column":46},"end":{"line":14,"column":5}}}},"branchMap":{"0":{"loc":{"start":{"line":6,"column":4},"end":{"line":8,"column":5}},"type":"if","locations":[{"start":{"line":6,"column":4},"end":{"line":8,"column":5}},{"start":{"line":6,"column":4},"end":{"line":8,"column":5}}]},"1":{"loc":{"start":{"line":9,"column":26},"end":{"line":9,"column":84}},"type":"binary-expr","locations":[{"start":{"line":9,"column":26},"end":{"line":9,"column":41}},{"start":{"line":9,"column":45},"end":{"line":9,"column":84}}]}},"s":{"0":1,"1":1,"2":1,"3":1,"4":14,"5":1,"6":13,"7":13,"8":13,"9":13,"10":13},"f":{"0":14,"1":13},"b":{"0":[1,13],"1":[13,6]},"_coverageSchema":"332fd63041d2c1bcb487cc26dd0d5f7d97098a6c","hash":"688848687fc03f95acb3c334f8bc45d589816a7e","contentHash":"004e58b9f2810b3ff0ffe708d2779784_10.1.2"},"C:\\wamp\\www\\tracker-server\\src\\common\\enums\\request-method.enum.ts":{"path":"C:\\wamp\\www\\tracker-server\\src\\common\\enums\\request-method.enum.ts","statementMap":{"0":{"start":{"line":3,"column":0},"end":{"line":9,"column":74}},"1":{"start":{"line":4,"column":4},"end":{"line":4,"column":52}},"2":{"start":{"line":5,"column":4},"end":{"line":5,"column":54}},"3":{"start":{"line":6,"column":4},"end":{"line":6,"column":52}},"4":{"start":{"line":7,"column":4},"end":{"line":7,"column":58}},"5":{"start":{"line":8,"column":4},"end":{"line":8,"column":52}}},"fnMap":{"0":{"name":"(anonymous_0)","decl":{"start":{"line":3,"column":1},"end":{"line":3,"column":2}},"loc":{"start":{"line":3,"column":26},"end":{"line":9,"column":1}}}},"branchMap":{"0":{"loc":{"start":{"line":9,"column":19},"end":{"line":9,"column":72}},"type":"binary-expr","locations":[{"start":{"line":9,"column":19},"end":{"line":9,"column":40}},{"start":{"line":9,"column":45},"end":{"line":9,"column":71}}]}},"s":{"0":1,"1":1,"2":1,"3":1,"4":1,"5":1},"f":{"0":1},"b":{"0":[1,1]},"_coverageSchema":"332fd63041d2c1bcb487cc26dd0d5f7d97098a6c","hash":"816908c1d448eafd1251a6251188306c74f4d75c","contentHash":"e8bfedbcfdba37b319c62e3f24b9ea9c_10.1.2"},"C:\\wamp\\www\\tracker-server\\src\\errors\\exceptions\\invalid-path-variable.exception.ts":{"path":"C:\\wamp\\www\\tracker-server\\src\\errors\\exceptions\\invalid-path-variable.exception.ts","statementMap":{"0":{"start":{"line":2,"column":28},"end":{"line":2,"column":58}},"1":{"start":{"line":5,"column":8},"end":{"line":5,"column":53}},"2":{"start":{"line":8,"column":0},"end":{"line":8,"column":68}}},"fnMap":{"0":{"name":"(anonymous_0)","decl":{"start":{"line":4,"column":4},"end":{"line":4,"column":5}},"loc":{"start":{"line":4,"column":32},"end":{"line":6,"column":5}}}},"branchMap":{},"s":{"0":1,"1":1,"2":1},"f":{"0":1},"b":{},"_coverageSchema":"332fd63041d2c1bcb487cc26dd0d5f7d97098a6c","hash":"2bf0b8bff6dbd93442a364d6f89eb6526c0e3707","contentHash":"ea13ca0acb3cc069a70094e795dbfe12_10.1.2"},"C:\\wamp\\www\\tracker-server\\src\\core\\test\\exceptions\\exceptions-handler.spec.ts":{"path":"C:\\wamp\\www\\tracker-server\\src\\core\\test\\exceptions\\exceptions-handler.spec.ts","statementMap":{"0":{"start":{"line":2,"column":14},"end":{"line":2,"column":30}},"1":{"start":{"line":3,"column":15},"end":{"line":3,"column":30}},"2":{"start":{"line":4,"column":29},"end":{"line":4,"column":75}},"3":{"start":{"line":5,"column":20},"end":{"line":5,"column":57}},"4":{"start":{"line":6,"column":0},"end":{"line":36,"column":3}},"5":{"start":{"line":11,"column":4},"end":{"line":21,"column":7}},"6":{"start":{"line":12,"column":8},"end":{"line":12,"column":63}},"7":{"start":{"line":13,"column":8},"end":{"line":13,"column":34}},"8":{"start":{"line":14,"column":8},"end":{"line":14,"column":32}},"9":{"start":{"line":15,"column":8},"end":{"line":18,"column":10}},"10":{"start":{"line":19,"column":8},"end":{"line":19,"column":42}},"11":{"start":{"line":20,"column":8},"end":{"line":20,"column":40}},"12":{"start":{"line":22,"column":4},"end":{"line":35,"column":7}},"13":{"start":{"line":23,"column":8},"end":{"line":27,"column":11}},"14":{"start":{"line":24,"column":12},"end":{"line":24,"column":48}},"15":{"start":{"line":25,"column":12},"end":{"line":25,"column":65}},"16":{"start":{"line":26,"column":12},"end":{"line":26,"column":91}},"17":{"start":{"line":28,"column":8},"end":{"line":34,"column":11}},"18":{"start":{"line":29,"column":27},"end":{"line":29,"column":30}},"19":{"start":{"line":30,"column":28},"end":{"line":30,"column":42}},"20":{"start":{"line":31,"column":12},"end":{"line":31,"column":79}},"21":{"start":{"line":32,"column":12},"end":{"line":32,"column":68}},"22":{"start":{"line":33,"column":12},"end":{"line":33,"column":71}}},"fnMap":{"0":{"name":"(anonymous_0)","decl":{"start":{"line":6,"column":30},"end":{"line":6,"column":31}},"loc":{"start":{"line":6,"column":36},"end":{"line":36,"column":1}}},"1":{"name":"(anonymous_1)","decl":{"start":{"line":11,"column":15},"end":{"line":11,"column":16}},"loc":{"start":{"line":11,"column":21},"end":{"line":21,"column":5}}},"2":{"name":"(anonymous_2)","decl":{"start":{"line":22,"column":21},"end":{"line":22,"column":22}},"loc":{"start":{"line":22,"column":27},"end":{"line":35,"column":5}}},"3":{"name":"(anonymous_3)","decl":{"start":{"line":23,"column":101},"end":{"line":23,"column":102}},"loc":{"start":{"line":23,"column":107},"end":{"line":27,"column":9}}},"4":{"name":"(anonymous_4)","decl":{"start":{"line":28,"column":115},"end":{"line":28,"column":116}},"loc":{"start":{"line":28,"column":121},"end":{"line":34,"column":9}}}},"branchMap":{},"s":{"0":1,"1":1,"2":1,"3":1,"4":1,"5":1,"6":2,"7":2,"8":2,"9":2,"10":2,"11":2,"12":1,"13":1,"14":1,"15":1,"16":1,"17":1,"18":1,"19":1,"20":1,"21":1,"22":1},"f":{"0":1,"1":2,"2":1,"3":1,"4":1},"b":{},"_coverageSchema":"332fd63041d2c1bcb487cc26dd0d5f7d97098a6c","hash":"ed7007fbe7e3bede2fe36aa455fba5c1018ccd66","contentHash":"23400661f1052d9a55b254236925ada3_10.1.2"},"C:\\wamp\\www\\tracker-server\\src\\core\\exceptions\\exceptions-handler.ts":{"path":"C:\\wamp\\www\\tracker-server\\src\\core\\exceptions\\exceptions-handler.ts","statementMap":{"0":{"start":{"line":2,"column":20},"end":{"line":2,"column":42}},"1":{"start":{"line":5,"column":8},"end":{"line":5,"column":55}},"2":{"start":{"line":8,"column":8},"end":{"line":11,"column":9}},"3":{"start":{"line":9,"column":12},"end":{"line":9,"column":78}},"4":{"start":{"line":10,"column":12},"end":{"line":10,"column":19}},"5":{"start":{"line":12,"column":8},"end":{"line":14,"column":11}},"6":{"start":{"line":17,"column":0},"end":{"line":17,"column":46}}},"fnMap":{"0":{"name":"(anonymous_0)","decl":{"start":{"line":4,"column":4},"end":{"line":4,"column":5}},"loc":{"start":{"line":4,"column":18},"end":{"line":6,"column":5}}},"1":{"name":"(anonymous_1)","decl":{"start":{"line":7,"column":4},"end":{"line":7,"column":5}},"loc":{"start":{"line":7,"column":30},"end":{"line":15,"column":5}}}},"branchMap":{"0":{"loc":{"start":{"line":8,"column":8},"end":{"line":11,"column":9}},"type":"if","locations":[{"start":{"line":8,"column":8},"end":{"line":11,"column":9}},{"start":{"line":8,"column":8},"end":{"line":11,"column":9}}]}},"s":{"0":1,"1":6,"2":2,"3":1,"4":1,"5":1,"6":1},"f":{"0":6,"1":2},"b":{"0":[1,1]},"_coverageSchema":"332fd63041d2c1bcb487cc26dd0d5f7d97098a6c","hash":"a957a19a0e5acc163090451885ea5b7bdd0b7ec1","contentHash":"f579dd84751396564d30fe08068b2ca6_10.1.2"},"C:\\wamp\\www\\tracker-server\\src\\core\\exceptions\\exception.ts":{"path":"C:\\wamp\\www\\tracker-server\\src\\core\\exceptions\\exception.ts","statementMap":{"0":{"start":{"line":4,"column":8},"end":{"line":4,"column":31}},"1":{"start":{"line":5,"column":8},"end":{"line":5,"column":29}},"2":{"start":{"line":8,"column":8},"end":{"line":8,"column":28}},"3":{"start":{"line":11,"column":8},"end":{"line":11,"column":27}},"4":{"start":{"line":14,"column":0},"end":{"line":14,"column":30}}},"fnMap":{"0":{"name":"(anonymous_0)","decl":{"start":{"line":3,"column":4},"end":{"line":3,"column":5}},"loc":{"start":{"line":3,"column":33},"end":{"line":6,"column":5}}},"1":{"name":"(anonymous_1)","decl":{"start":{"line":7,"column":4},"end":{"line":7,"column":5}},"loc":{"start":{"line":7,"column":17},"end":{"line":9,"column":5}}},"2":{"name":"(anonymous_2)","decl":{"start":{"line":10,"column":4},"end":{"line":10,"column":5}},"loc":{"start":{"line":10,"column":16},"end":{"line":12,"column":5}}}},"branchMap":{},"s":{"0":3,"1":3,"2":1,"3":1,"4":1},"f":{"0":3,"1":1,"2":1},"b":{},"_coverageSchema":"332fd63041d2c1bcb487cc26dd0d5f7d97098a6c","hash":"3326829bf9b20c7efe7459fd40d0f8e64ec53dac","contentHash":"b93b85c5bcb3840a483da7273ca7e732_10.1.2"},"C:\\wamp\\www\\tracker-server\\src\\core\\test\\injector\\container.spec.ts":{"path":"C:\\wamp\\www\\tracker-server\\src\\core\\test\\injector\\container.spec.ts","statementMap":{"0":{"start":{"line":2,"column":17},"end":{"line":7,"column":1}},"1":{"start":{"line":3,"column":12},"end":{"line":3,"column":28}},"2":{"start":{"line":3,"column":34},"end":{"line":3,"column":125}},"3":{"start":{"line":4,"column":4},"end":{"line":5,"column":150}},"4":{"start":{"line":4,"column":79},"end":{"line":4,"column":131}},"5":{"start":{"line":5,"column":9},"end":{"line":5,"column":150}},"6":{"start":{"line":5,"column":58},"end":{"line":5,"column":150}},"7":{"start":{"line":5,"column":81},"end":{"line":5,"column":150}},"8":{"start":{"line":6,"column":4},"end":{"line":6,"column":66}},"9":{"start":{"line":8,"column":17},"end":{"line":10,"column":1}},"10":{"start":{"line":9,"column":4},"end":{"line":9,"column":109}},"11":{"start":{"line":9,"column":79},"end":{"line":9,"column":109}},"12":{"start":{"line":11,"column":15},"end":{"line":11,"column":30}},"13":{"start":{"line":12,"column":20},"end":{"line":12,"column":55}},"14":{"start":{"line":13,"column":27},"end":{"line":13,"column":76}},"15":{"start":{"line":14,"column":34},"end":{"line":14,"column":95}},"16":{"start":{"line":15,"column":0},"end":{"line":40,"column":3}},"17":{"start":{"line":17,"column":21},"end":{"line":18,"column":5}},"18":{"start":{"line":19,"column":4},"end":{"line":22,"column":19}},"19":{"start":{"line":23,"column":4},"end":{"line":25,"column":7}},"20":{"start":{"line":24,"column":8},"end":{"line":24,"column":52}},"21":{"start":{"line":26,"column":4},"end":{"line":35,"column":7}},"22":{"start":{"line":27,"column":8},"end":{"line":27,"column":40}},"23":{"start":{"line":28,"column":8},"end":{"line":34,"column":11}},"24":{"start":{"line":36,"column":4},"end":{"line":39,"column":7}},"25":{"start":{"line":37,"column":8},"end":{"line":37,"column":40}},"26":{"start":{"line":38,"column":8},"end":{"line":38,"column":146}}},"fnMap":{"0":{"name":"(anonymous_0)","decl":{"start":{"line":2,"column":46},"end":{"line":2,"column":47}},"loc":{"start":{"line":2,"column":87},"end":{"line":7,"column":1}}},"1":{"name":"(anonymous_1)","decl":{"start":{"line":8,"column":46},"end":{"line":8,"column":47}},"loc":{"start":{"line":8,"column":62},"end":{"line":10,"column":1}}},"2":{"name":"(anonymous_2)","decl":{"start":{"line":15,"column":26},"end":{"line":15,"column":27}},"loc":{"start":{"line":15,"column":32},"end":{"line":40,"column":1}}},"3":{"name":"(anonymous_3)","decl":{"start":{"line":23,"column":15},"end":{"line":23,"column":16}},"loc":{"start":{"line":23,"column":21},"end":{"line":25,"column":5}}},"4":{"name":"(anonymous_4)","decl":{"start":{"line":26,"column":73},"end":{"line":26,"column":74}},"loc":{"start":{"line":26,"column":79},"end":{"line":35,"column":5}}},"5":{"name":"(anonymous_5)","decl":{"start":{"line":36,"column":111},"end":{"line":36,"column":112}},"loc":{"start":{"line":36,"column":117},"end":{"line":39,"column":5}}}},"branchMap":{"0":{"loc":{"start":{"line":2,"column":17},"end":{"line":7,"column":1}},"type":"binary-expr","locations":[{"start":{"line":2,"column":18},"end":{"line":2,"column":22}},{"start":{"line":2,"column":26},"end":{"line":2,"column":41}},{"start":{"line":2,"column":46},"end":{"line":7,"column":1}}]},"1":{"loc":{"start":{"line":3,"column":34},"end":{"line":3,"column":125}},"type":"cond-expr","locations":[{"start":{"line":3,"column":42},"end":{"line":3,"column":48}},{"start":{"line":3,"column":51},"end":{"line":3,"column":125}}]},"2":{"loc":{"start":{"line":3,"column":51},"end":{"line":3,"column":125}},"type":"cond-expr","locations":[{"start":{"line":3,"column":67},"end":{"line":3,"column":118}},{"start":{"line":3,"column":121},"end":{"line":3,"column":125}}]},"3":{"loc":{"start":{"line":4,"column":4},"end":{"line":5,"column":150}},"type":"if","locations":[{"start":{"line":4,"column":4},"end":{"line":5,"column":150}},{"start":{"line":4,"column":4},"end":{"line":5,"column":150}}]},"4":{"loc":{"start":{"line":4,"column":8},"end":{"line":4,"column":77}},"type":"binary-expr","locations":[{"start":{"line":4,"column":8},"end":{"line":4,"column":35}},{"start":{"line":4,"column":39},"end":{"line":4,"column":77}}]},"5":{"loc":{"start":{"line":5,"column":58},"end":{"line":5,"column":150}},"type":"if","locations":[{"start":{"line":5,"column":58},"end":{"line":5,"column":150}},{"start":{"line":5,"column":58},"end":{"line":5,"column":150}}]},"6":{"loc":{"start":{"line":5,"column":85},"end":{"line":5,"column":149}},"type":"binary-expr","locations":[{"start":{"line":5,"column":86},"end":{"line":5,"column":143}},{"start":{"line":5,"column":148},"end":{"line":5,"column":149}}]},"7":{"loc":{"start":{"line":5,"column":86},"end":{"line":5,"column":143}},"type":"cond-expr","locations":[{"start":{"line":5,"column":94},"end":{"line":5,"column":98}},{"start":{"line":5,"column":101},"end":{"line":5,"column":143}}]},"8":{"loc":{"start":{"line":5,"column":101},"end":{"line":5,"column":143}},"type":"cond-expr","locations":[{"start":{"line":5,"column":109},"end":{"line":5,"column":126}},{"start":{"line":5,"column":129},"end":{"line":5,"column":143}}]},"9":{"loc":{"start":{"line":6,"column":11},"end":{"line":6,"column":62}},"type":"binary-expr","locations":[{"start":{"line":6,"column":11},"end":{"line":6,"column":16}},{"start":{"line":6,"column":20},"end":{"line":6,"column":21}},{"start":{"line":6,"column":25},"end":{"line":6,"column":62}}]},"10":{"loc":{"start":{"line":8,"column":17},"end":{"line":10,"column":1}},"type":"binary-expr","locations":[{"start":{"line":8,"column":18},"end":{"line":8,"column":22}},{"start":{"line":8,"column":26},"end":{"line":8,"column":41}},{"start":{"line":8,"column":46},"end":{"line":10,"column":1}}]},"11":{"loc":{"start":{"line":9,"column":4},"end":{"line":9,"column":109}},"type":"if","locations":[{"start":{"line":9,"column":4},"end":{"line":9,"column":109}},{"start":{"line":9,"column":4},"end":{"line":9,"column":109}}]},"12":{"loc":{"start":{"line":9,"column":8},"end":{"line":9,"column":77}},"type":"binary-expr","locations":[{"start":{"line":9,"column":8},"end":{"line":9,"column":35}},{"start":{"line":9,"column":39},"end":{"line":9,"column":77}}]}},"s":{"0":1,"1":1,"2":1,"3":1,"4":1,"5":0,"6":0,"7":0,"8":1,"9":1,"10":1,"11":1,"12":1,"13":1,"14":1,"15":1,"16":1,"17":1,"18":1,"19":1,"20":2,"21":1,"22":1,"23":1,"24":1,"25":1,"26":1},"f":{"0":1,"1":1,"2":1,"3":2,"4":1,"5":1},"b":{"0":[1,1,1],"1":[1,0],"2":[0,0],"3":[1,0],"4":[1,1],"5":[0,0],"6":[0,0],"7":[0,0],"8":[0,0],"9":[1,0,0],"10":[1,1,1],"11":[1,0],"12":[1,1]},"_coverageSchema":"332fd63041d2c1bcb487cc26dd0d5f7d97098a6c","hash":"12c8758c0f6cbcec0d82755428e3c2b13335ae7a","contentHash":"83e6817b5631622dcee6e4ee4c1014b4_10.1.2"},"C:\\wamp\\www\\tracker-server\\src\\core\\injector\\container.ts":{"path":"C:\\wamp\\www\\tracker-server\\src\\core\\injector\\container.ts","statementMap":{"0":{"start":{"line":2,"column":34},"end":{"line":2,"column":92}},"1":{"start":{"line":5,"column":8},"end":{"line":5,"column":33}},"2":{"start":{"line":8,"column":8},"end":{"line":16,"column":9}},"3":{"start":{"line":9,"column":12},"end":{"line":15,"column":15}},"4":{"start":{"line":19,"column":8},"end":{"line":19,"column":28}},"5":{"start":{"line":22,"column":8},"end":{"line":26,"column":9}},"6":{"start":{"line":23,"column":33},"end":{"line":23,"column":57}},"7":{"start":{"line":24,"column":28},"end":{"line":24,"column":59}},"8":{"start":{"line":25,"column":12},"end":{"line":25,"column":53}},"9":{"start":{"line":29,"column":8},"end":{"line":35,"column":9}},"10":{"start":{"line":30,"column":33},"end":{"line":30,"column":57}},"11":{"start":{"line":31,"column":12},"end":{"line":34,"column":15}},"12":{"start":{"line":38,"column":8},"end":{"line":44,"column":9}},"13":{"start":{"line":39,"column":33},"end":{"line":39,"column":57}},"14":{"start":{"line":40,"column":12},"end":{"line":42,"column":13}},"15":{"start":{"line":41,"column":16},"end":{"line":41,"column":76}},"16":{"start":{"line":43,"column":12},"end":{"line":43,"column":56}},"17":{"start":{"line":47,"column":8},"end":{"line":53,"column":9}},"18":{"start":{"line":48,"column":33},"end":{"line":48,"column":57}},"19":{"start":{"line":49,"column":12},"end":{"line":52,"column":15}},"20":{"start":{"line":56,"column":0},"end":{"line":56,"column":38}}},"fnMap":{"0":{"name":"(anonymous_0)","decl":{"start":{"line":4,"column":4},"end":{"line":4,"column":5}},"loc":{"start":{"line":4,"column":18},"end":{"line":6,"column":5}}},"1":{"name":"(anonymous_1)","decl":{"start":{"line":7,"column":4},"end":{"line":7,"column":5}},"loc":{"start":{"line":7,"column":27},"end":{"line":17,"column":5}}},"2":{"name":"(anonymous_2)","decl":{"start":{"line":18,"column":4},"end":{"line":18,"column":5}},"loc":{"start":{"line":18,"column":17},"end":{"line":20,"column":5}}},"3":{"name":"(anonymous_3)","decl":{"start":{"line":21,"column":4},"end":{"line":21,"column":5}},"loc":{"start":{"line":21,"column":44},"end":{"line":27,"column":5}}},"4":{"name":"(anonymous_4)","decl":{"start":{"line":28,"column":4},"end":{"line":28,"column":5}},"loc":{"start":{"line":28,"column":36},"end":{"line":36,"column":5}}},"5":{"name":"(anonymous_5)","decl":{"start":{"line":37,"column":4},"end":{"line":37,"column":5}},"loc":{"start":{"line":37,"column":52},"end":{"line":45,"column":5}}},"6":{"name":"(anonymous_6)","decl":{"start":{"line":46,"column":4},"end":{"line":46,"column":5}},"loc":{"start":{"line":46,"column":28},"end":{"line":54,"column":5}}}},"branchMap":{"0":{"loc":{"start":{"line":8,"column":8},"end":{"line":16,"column":9}},"type":"if","locations":[{"start":{"line":8,"column":8},"end":{"line":16,"column":9}},{"start":{"line":8,"column":8},"end":{"line":16,"column":9}}]},"1":{"loc":{"start":{"line":22,"column":8},"end":{"line":26,"column":9}},"type":"if","locations":[{"start":{"line":22,"column":8},"end":{"line":26,"column":9}},{"start":{"line":22,"column":8},"end":{"line":26,"column":9}}]},"2":{"loc":{"start":{"line":29,"column":8},"end":{"line":35,"column":9}},"type":"if","locations":[{"start":{"line":29,"column":8},"end":{"line":35,"column":9}},{"start":{"line":29,"column":8},"end":{"line":35,"column":9}}]},"3":{"loc":{"start":{"line":38,"column":8},"end":{"line":44,"column":9}},"type":"if","locations":[{"start":{"line":38,"column":8},"end":{"line":44,"column":9}},{"start":{"line":38,"column":8},"end":{"line":44,"column":9}}]},"4":{"loc":{"start":{"line":40,"column":12},"end":{"line":42,"column":13}},"type":"if","locations":[{"start":{"line":40,"column":12},"end":{"line":42,"column":13}},{"start":{"line":40,"column":12},"end":{"line":42,"column":13}}]},"5":{"loc":{"start":{"line":47,"column":8},"end":{"line":53,"column":9}},"type":"if","locations":[{"start":{"line":47,"column":8},"end":{"line":53,"column":9}},{"start":{"line":47,"column":8},"end":{"line":53,"column":9}}]}},"s":{"0":1,"1":6,"2":8,"3":4,"4":4,"5":3,"6":3,"7":3,"8":3,"9":4,"10":4,"11":4,"12":2,"13":2,"14":2,"15":1,"16":1,"17":4,"18":4,"19":4,"20":1},"f":{"0":6,"1":8,"2":4,"3":3,"4":4,"5":2,"6":4},"b":{"0":[4,4],"1":[3,0],"2":[4,0],"3":[2,0],"4":[1,1],"5":[4,0]},"_coverageSchema":"332fd63041d2c1bcb487cc26dd0d5f7d97098a6c","hash":"f0ddcfe1a8289c24c305c622e3aa6c861a7008c5","contentHash":"7b32f12589b4dc5ef67e24f6f3754da6_10.1.2"},"C:\\wamp\\www\\tracker-server\\src\\errors\\exceptions\\unkown-export.exception.ts":{"path":"C:\\wamp\\www\\tracker-server\\src\\errors\\exceptions\\unkown-export.exception.ts","statementMap":{"0":{"start":{"line":2,"column":28},"end":{"line":2,"column":58}},"1":{"start":{"line":5,"column":8},"end":{"line":6,"column":69}},"2":{"start":{"line":9,"column":0},"end":{"line":9,"column":54}}},"fnMap":{"0":{"name":"(anonymous_0)","decl":{"start":{"line":4,"column":4},"end":{"line":4,"column":5}},"loc":{"start":{"line":4,"column":18},"end":{"line":7,"column":5}}}},"branchMap":{},"s":{"0":1,"1":1,"2":1},"f":{"0":1},"b":{},"_coverageSchema":"332fd63041d2c1bcb487cc26dd0d5f7d97098a6c","hash":"59771d4ac17048116c2fd6071cf230b804313004","contentHash":"1e2057287b640f10afc6530aaf55d12b_10.1.2"},"C:\\wamp\\www\\tracker-server\\src\\core\\test\\injector\\injector.spec.ts":{"path":"C:\\wamp\\www\\tracker-server\\src\\core\\test\\injector\\injector.spec.ts","statementMap":{"0":{"start":{"line":2,"column":17},"end":{"line":7,"column":1}},"1":{"start":{"line":3,"column":12},"end":{"line":3,"column":28}},"2":{"start":{"line":3,"column":34},"end":{"line":3,"column":125}},"3":{"start":{"line":4,"column":4},"end":{"line":5,"column":150}},"4":{"start":{"line":4,"column":79},"end":{"line":4,"column":131}},"5":{"start":{"line":5,"column":9},"end":{"line":5,"column":150}},"6":{"start":{"line":5,"column":58},"end":{"line":5,"column":150}},"7":{"start":{"line":5,"column":81},"end":{"line":5,"column":150}},"8":{"start":{"line":6,"column":4},"end":{"line":6,"column":66}},"9":{"start":{"line":8,"column":17},"end":{"line":10,"column":1}},"10":{"start":{"line":9,"column":4},"end":{"line":9,"column":109}},"11":{"start":{"line":9,"column":79},"end":{"line":9,"column":109}},"12":{"start":{"line":11,"column":15},"end":{"line":11,"column":30}},"13":{"start":{"line":12,"column":19},"end":{"line":12,"column":53}},"14":{"start":{"line":13,"column":30},"end":{"line":13,"column":82}},"15":{"start":{"line":14,"column":28},"end":{"line":14,"column":83}},"16":{"start":{"line":15,"column":0},"end":{"line":106,"column":3}},"17":{"start":{"line":17,"column":4},"end":{"line":19,"column":7}},"18":{"start":{"line":18,"column":8},"end":{"line":18,"column":45}},"19":{"start":{"line":20,"column":4},"end":{"line":78,"column":7}},"20":{"start":{"line":21,"column":28},"end":{"line":22,"column":9}},"21":{"start":{"line":23,"column":8},"end":{"line":26,"column":26}},"22":{"start":{"line":27,"column":28},"end":{"line":28,"column":9}},"23":{"start":{"line":29,"column":8},"end":{"line":32,"column":26}},"24":{"start":{"line":33,"column":23},"end":{"line":38,"column":9}},"25":{"start":{"line":35,"column":16},"end":{"line":35,"column":37}},"26":{"start":{"line":36,"column":16},"end":{"line":36,"column":37}},"27":{"start":{"line":39,"column":8},"end":{"line":43,"column":21}},"28":{"start":{"line":45,"column":8},"end":{"line":62,"column":11}},"29":{"start":{"line":46,"column":12},"end":{"line":49,"column":14}},"30":{"start":{"line":50,"column":12},"end":{"line":53,"column":15}},"31":{"start":{"line":54,"column":12},"end":{"line":57,"column":15}},"32":{"start":{"line":58,"column":12},"end":{"line":61,"column":15}},"33":{"start":{"line":63,"column":8},"end":{"line":69,"column":11}},"34":{"start":{"line":64,"column":12},"end":{"line":64,"column":79}},"35":{"start":{"line":65,"column":34},"end":{"line":65,"column":69}},"36":{"start":{"line":66,"column":12},"end":{"line":66,"column":79}},"37":{"start":{"line":67,"column":12},"end":{"line":67,"column":79}},"38":{"start":{"line":68,"column":12},"end":{"line":68,"column":67}},"39":{"start":{"line":70,"column":8},"end":{"line":74,"column":11}},"40":{"start":{"line":71,"column":12},"end":{"line":71,"column":79}},"41":{"start":{"line":72,"column":36},"end":{"line":72,"column":71}},"42":{"start":{"line":73,"column":12},"end":{"line":73,"column":49}},"43":{"start":{"line":75,"column":8},"end":{"line":77,"column":11}},"44":{"start":{"line":76,"column":12},"end":{"line":76,"column":154}},"45":{"start":{"line":79,"column":4},"end":{"line":105,"column":7}},"46":{"start":{"line":80,"column":19},"end":{"line":81,"column":9}},"47":{"start":{"line":82,"column":8},"end":{"line":85,"column":17}},"48":{"start":{"line":87,"column":8},"end":{"line":96,"column":11}},"49":{"start":{"line":88,"column":12},"end":{"line":91,"column":14}},"50":{"start":{"line":92,"column":12},"end":{"line":95,"column":15}},"51":{"start":{"line":97,"column":8},"end":{"line":104,"column":11}},"52":{"start":{"line":98,"column":35},"end":{"line":101,"column":13}},"53":{"start":{"line":102,"column":12},"end":{"line":102,"column":74}},"54":{"start":{"line":103,"column":12},"end":{"line":103,"column":89}}},"fnMap":{"0":{"name":"(anonymous_0)","decl":{"start":{"line":2,"column":46},"end":{"line":2,"column":47}},"loc":{"start":{"line":2,"column":87},"end":{"line":7,"column":1}}},"1":{"name":"(anonymous_1)","decl":{"start":{"line":8,"column":46},"end":{"line":8,"column":47}},"loc":{"start":{"line":8,"column":62},"end":{"line":10,"column":1}}},"2":{"name":"(anonymous_2)","decl":{"start":{"line":15,"column":21},"end":{"line":15,"column":22}},"loc":{"start":{"line":15,"column":27},"end":{"line":106,"column":1}}},"3":{"name":"(anonymous_3)","decl":{"start":{"line":17,"column":15},"end":{"line":17,"column":16}},"loc":{"start":{"line":17,"column":21},"end":{"line":19,"column":5}}},"4":{"name":"(anonymous_4)","decl":{"start":{"line":20,"column":29},"end":{"line":20,"column":30}},"loc":{"start":{"line":20,"column":35},"end":{"line":78,"column":5}}},"5":{"name":"(anonymous_5)","decl":{"start":{"line":34,"column":12},"end":{"line":34,"column":13}},"loc":{"start":{"line":34,"column":40},"end":{"line":37,"column":13}}},"6":{"name":"(anonymous_6)","decl":{"start":{"line":45,"column":19},"end":{"line":45,"column":20}},"loc":{"start":{"line":45,"column":25},"end":{"line":62,"column":9}}},"7":{"name":"(anonymous_7)","decl":{"start":{"line":63,"column":78},"end":{"line":63,"column":79}},"loc":{"start":{"line":63,"column":84},"end":{"line":69,"column":9}}},"8":{"name":"(anonymous_8)","decl":{"start":{"line":70,"column":85},"end":{"line":70,"column":86}},"loc":{"start":{"line":70,"column":91},"end":{"line":74,"column":9}}},"9":{"name":"(anonymous_9)","decl":{"start":{"line":75,"column":82},"end":{"line":75,"column":83}},"loc":{"start":{"line":75,"column":88},"end":{"line":77,"column":9}}},"10":{"name":"(anonymous_10)","decl":{"start":{"line":79,"column":40},"end":{"line":79,"column":41}},"loc":{"start":{"line":79,"column":46},"end":{"line":105,"column":5}}},"11":{"name":"(anonymous_11)","decl":{"start":{"line":87,"column":19},"end":{"line":87,"column":20}},"loc":{"start":{"line":87,"column":25},"end":{"line":96,"column":9}}},"12":{"name":"(anonymous_12)","decl":{"start":{"line":97,"column":50},"end":{"line":97,"column":51}},"loc":{"start":{"line":97,"column":56},"end":{"line":104,"column":9}}}},"branchMap":{"0":{"loc":{"start":{"line":2,"column":17},"end":{"line":7,"column":1}},"type":"binary-expr","locations":[{"start":{"line":2,"column":18},"end":{"line":2,"column":22}},{"start":{"line":2,"column":26},"end":{"line":2,"column":41}},{"start":{"line":2,"column":46},"end":{"line":7,"column":1}}]},"1":{"loc":{"start":{"line":3,"column":34},"end":{"line":3,"column":125}},"type":"cond-expr","locations":[{"start":{"line":3,"column":42},"end":{"line":3,"column":48}},{"start":{"line":3,"column":51},"end":{"line":3,"column":125}}]},"2":{"loc":{"start":{"line":3,"column":51},"end":{"line":3,"column":125}},"type":"cond-expr","locations":[{"start":{"line":3,"column":67},"end":{"line":3,"column":118}},{"start":{"line":3,"column":121},"end":{"line":3,"column":125}}]},"3":{"loc":{"start":{"line":4,"column":4},"end":{"line":5,"column":150}},"type":"if","locations":[{"start":{"line":4,"column":4},"end":{"line":5,"column":150}},{"start":{"line":4,"column":4},"end":{"line":5,"column":150}}]},"4":{"loc":{"start":{"line":4,"column":8},"end":{"line":4,"column":77}},"type":"binary-expr","locations":[{"start":{"line":4,"column":8},"end":{"line":4,"column":35}},{"start":{"line":4,"column":39},"end":{"line":4,"column":77}}]},"5":{"loc":{"start":{"line":5,"column":58},"end":{"line":5,"column":150}},"type":"if","locations":[{"start":{"line":5,"column":58},"end":{"line":5,"column":150}},{"start":{"line":5,"column":58},"end":{"line":5,"column":150}}]},"6":{"loc":{"start":{"line":5,"column":85},"end":{"line":5,"column":149}},"type":"binary-expr","locations":[{"start":{"line":5,"column":86},"end":{"line":5,"column":143}},{"start":{"line":5,"column":148},"end":{"line":5,"column":149}}]},"7":{"loc":{"start":{"line":5,"column":86},"end":{"line":5,"column":143}},"type":"cond-expr","locations":[{"start":{"line":5,"column":94},"end":{"line":5,"column":98}},{"start":{"line":5,"column":101},"end":{"line":5,"column":143}}]},"8":{"loc":{"start":{"line":5,"column":101},"end":{"line":5,"column":143}},"type":"cond-expr","locations":[{"start":{"line":5,"column":109},"end":{"line":5,"column":126}},{"start":{"line":5,"column":129},"end":{"line":5,"column":143}}]},"9":{"loc":{"start":{"line":6,"column":11},"end":{"line":6,"column":62}},"type":"binary-expr","locations":[{"start":{"line":6,"column":11},"end":{"line":6,"column":16}},{"start":{"line":6,"column":20},"end":{"line":6,"column":21}},{"start":{"line":6,"column":25},"end":{"line":6,"column":62}}]},"10":{"loc":{"start":{"line":8,"column":17},"end":{"line":10,"column":1}},"type":"binary-expr","locations":[{"start":{"line":8,"column":18},"end":{"line":8,"column":22}},{"start":{"line":8,"column":26},"end":{"line":8,"column":41}},{"start":{"line":8,"column":46},"end":{"line":10,"column":1}}]},"11":{"loc":{"start":{"line":9,"column":4},"end":{"line":9,"column":109}},"type":"if","locations":[{"start":{"line":9,"column":4},"end":{"line":9,"column":109}},{"start":{"line":9,"column":4},"end":{"line":9,"column":109}}]},"12":{"loc":{"start":{"line":9,"column":8},"end":{"line":9,"column":77}},"type":"binary-expr","locations":[{"start":{"line":9,"column":8},"end":{"line":9,"column":35}},{"start":{"line":9,"column":39},"end":{"line":9,"column":77}}]}},"s":{"0":1,"1":4,"2":4,"3":4,"4":4,"5":0,"6":0,"7":0,"8":4,"9":1,"10":4,"11":4,"12":1,"13":1,"14":1,"15":1,"16":1,"17":1,"18":4,"19":1,"20":1,"21":1,"22":1,"23":1,"24":1,"25":2,"26":2,"27":1,"28":1,"29":3,"30":3,"31":3,"32":3,"33":1,"34":1,"35":1,"36":1,"37":1,"38":1,"39":1,"40":1,"41":1,"42":1,"43":1,"44":1,"45":1,"46":1,"47":1,"48":1,"49":1,"50":1,"51":1,"52":1,"53":1,"54":1},"f":{"0":4,"1":4,"2":1,"3":4,"4":1,"5":2,"6":3,"7":1,"8":1,"9":1,"10":1,"11":1,"12":1},"b":{"0":[1,1,1],"1":[4,0],"2":[0,0],"3":[4,0],"4":[4,4],"5":[0,0],"6":[0,0],"7":[0,0],"8":[0,0],"9":[4,0,0],"10":[1,1,1],"11":[4,0],"12":[4,4]},"_coverageSchema":"332fd63041d2c1bcb487cc26dd0d5f7d97098a6c","hash":"c120aca39201eece2533300191654d3e98826d71","contentHash":"16fabce7e30d5b3e8394ac9bfe7e1907_10.1.2"},"C:\\wamp\\www\\tracker-server\\src\\core\\injector\\injector.ts":{"path":"C:\\wamp\\www\\tracker-server\\src\\core\\injector\\injector.ts","statementMap":{"0":{"start":{"line":2,"column":15},"end":{"line":9,"column":1}},"1":{"start":{"line":3,"column":4},"end":{"line":7,"column":5}},"2":{"start":{"line":4,"column":8},"end":{"line":4,"column":25}},"3":{"start":{"line":5,"column":8},"end":{"line":6,"column":24}},"4":{"start":{"line":5,"column":25},"end":{"line":6,"column":24}},"5":{"start":{"line":6,"column":12},"end":{"line":6,"column":24}},"6":{"start":{"line":8,"column":4},"end":{"line":8,"column":13}},"7":{"start":{"line":10,"column":0},"end":{"line":10,"column":28}},"8":{"start":{"line":11,"column":40},"end":{"line":11,"column":104}},"9":{"start":{"line":12,"column":40},"end":{"line":12,"column":104}},"10":{"start":{"line":13,"column":28},"end":{"line":13,"column":80}},"11":{"start":{"line":16,"column":41},"end":{"line":16,"column":71}},"12":{"start":{"line":17,"column":8},"end":{"line":21,"column":9}},"13":{"start":{"line":18,"column":12},"end":{"line":20,"column":15}},"14":{"start":{"line":19,"column":16},"end":{"line":19,"column":85}},"15":{"start":{"line":24,"column":23},"end":{"line":24,"column":36}},"16":{"start":{"line":25,"column":8},"end":{"line":25,"column":53}},"17":{"start":{"line":28,"column":8},"end":{"line":30,"column":9}},"18":{"start":{"line":29,"column":12},"end":{"line":29,"column":19}},"19":{"start":{"line":31,"column":8},"end":{"line":31,"column":110}},"20":{"start":{"line":34,"column":27},"end":{"line":34,"column":44}},"21":{"start":{"line":35,"column":8},"end":{"line":35,"column":61}},"22":{"start":{"line":38,"column":39},"end":{"line":38,"column":59}},"23":{"start":{"line":39,"column":8},"end":{"line":41,"column":9}},"24":{"start":{"line":40,"column":12},"end":{"line":40,"column":63}},"25":{"start":{"line":42,"column":8},"end":{"line":47,"column":9}},"26":{"start":{"line":43,"column":12},"end":{"line":46,"column":15}},"27":{"start":{"line":44,"column":16},"end":{"line":44,"column":125}},"28":{"start":{"line":45,"column":16},"end":{"line":45,"column":57}},"29":{"start":{"line":50,"column":32},"end":{"line":50,"column":84}},"30":{"start":{"line":51,"column":8},"end":{"line":53,"column":9}},"31":{"start":{"line":52,"column":12},"end":{"line":52,"column":50}},"32":{"start":{"line":54,"column":30},"end":{"line":54,"column":110}},"33":{"start":{"line":54,"column":64},"end":{"line":54,"column":108}},"34":{"start":{"line":55,"column":8},"end":{"line":55,"column":32}},"35":{"start":{"line":58,"column":8},"end":{"line":60,"column":9}},"36":{"start":{"line":59,"column":12},"end":{"line":59,"column":94}},"37":{"start":{"line":61,"column":8},"end":{"line":61,"column":72}},"38":{"start":{"line":64,"column":27},"end":{"line":64,"column":44}},"39":{"start":{"line":65,"column":32},"end":{"line":65,"column":95}},"40":{"start":{"line":66,"column":8},"end":{"line":68,"column":9}},"41":{"start":{"line":67,"column":12},"end":{"line":67,"column":56}},"42":{"start":{"line":69,"column":8},"end":{"line":69,"column":40}},"43":{"start":{"line":72,"column":8},"end":{"line":78,"column":9}},"44":{"start":{"line":73,"column":36},"end":{"line":73,"column":88}},"45":{"start":{"line":74,"column":12},"end":{"line":76,"column":13}},"46":{"start":{"line":75,"column":16},"end":{"line":75,"column":101}},"47":{"start":{"line":77,"column":12},"end":{"line":77,"column":35}},"48":{"start":{"line":79,"column":8},"end":{"line":79,"column":37}},"49":{"start":{"line":82,"column":31},"end":{"line":82,"column":52}},"50":{"start":{"line":83,"column":24},"end":{"line":83,"column":28}},"51":{"start":{"line":84,"column":8},"end":{"line":93,"column":11}},"52":{"start":{"line":85,"column":44},"end":{"line":85,"column":57}},"53":{"start":{"line":86,"column":12},"end":{"line":88,"column":13}},"54":{"start":{"line":87,"column":16},"end":{"line":87,"column":23}},"55":{"start":{"line":89,"column":12},"end":{"line":89,"column":54}},"56":{"start":{"line":90,"column":12},"end":{"line":92,"column":13}},"57":{"start":{"line":91,"column":16},"end":{"line":91,"column":75}},"58":{"start":{"line":94,"column":8},"end":{"line":94,"column":25}},"59":{"start":{"line":97,"column":0},"end":{"line":97,"column":28}}},"fnMap":{"0":{"name":"(anonymous_0)","decl":{"start":{"line":2,"column":59},"end":{"line":2,"column":60}},"loc":{"start":{"line":2,"column":71},"end":{"line":9,"column":1}}},"1":{"name":"(anonymous_1)","decl":{"start":{"line":15,"column":4},"end":{"line":15,"column":5}},"loc":{"start":{"line":15,"column":65},"end":{"line":22,"column":5}}},"2":{"name":"(anonymous_2)","decl":{"start":{"line":18,"column":66},"end":{"line":18,"column":67}},"loc":{"start":{"line":18,"column":85},"end":{"line":20,"column":13}}},"3":{"name":"(anonymous_3)","decl":{"start":{"line":23,"column":4},"end":{"line":23,"column":5}},"loc":{"start":{"line":23,"column":43},"end":{"line":26,"column":5}}},"4":{"name":"(anonymous_4)","decl":{"start":{"line":27,"column":4},"end":{"line":27,"column":5}},"loc":{"start":{"line":27,"column":46},"end":{"line":32,"column":5}}},"5":{"name":"(anonymous_5)","decl":{"start":{"line":33,"column":4},"end":{"line":33,"column":5}},"loc":{"start":{"line":33,"column":51},"end":{"line":36,"column":5}}},"6":{"name":"(anonymous_6)","decl":{"start":{"line":37,"column":4},"end":{"line":37,"column":5}},"loc":{"start":{"line":37,"column":43},"end":{"line":48,"column":5}}},"7":{"name":"(anonymous_7)","decl":{"start":{"line":43,"column":56},"end":{"line":43,"column":57}},"loc":{"start":{"line":43,"column":75},"end":{"line":46,"column":13}}},"8":{"name":"(anonymous_8)","decl":{"start":{"line":49,"column":4},"end":{"line":49,"column":5}},"loc":{"start":{"line":49,"column":53},"end":{"line":56,"column":5}}},"9":{"name":"(anonymous_9)","decl":{"start":{"line":54,"column":52},"end":{"line":54,"column":53}},"loc":{"start":{"line":54,"column":64},"end":{"line":54,"column":108}}},"10":{"name":"(anonymous_10)","decl":{"start":{"line":57,"column":4},"end":{"line":57,"column":5}},"loc":{"start":{"line":57,"column":50},"end":{"line":62,"column":5}}},"11":{"name":"(anonymous_11)","decl":{"start":{"line":63,"column":4},"end":{"line":63,"column":5}},"loc":{"start":{"line":63,"column":59},"end":{"line":70,"column":5}}},"12":{"name":"(anonymous_12)","decl":{"start":{"line":71,"column":4},"end":{"line":71,"column":5}},"loc":{"start":{"line":71,"column":63},"end":{"line":80,"column":5}}},"13":{"name":"(anonymous_13)","decl":{"start":{"line":81,"column":4},"end":{"line":81,"column":5}},"loc":{"start":{"line":81,"column":60},"end":{"line":95,"column":5}}},"14":{"name":"(anonymous_14)","decl":{"start":{"line":84,"column":31},"end":{"line":84,"column":32}},"loc":{"start":{"line":84,"column":50},"end":{"line":93,"column":9}}}},"branchMap":{"0":{"loc":{"start":{"line":2,"column":15},"end":{"line":9,"column":1}},"type":"binary-expr","locations":[{"start":{"line":2,"column":16},"end":{"line":2,"column":20}},{"start":{"line":2,"column":24},"end":{"line":2,"column":37}},{"start":{"line":2,"column":42},"end":{"line":2,"column":55}},{"start":{"line":2,"column":59},"end":{"line":9,"column":1}}]},"1":{"loc":{"start":{"line":5,"column":25},"end":{"line":6,"column":24}},"type":"if","locations":[{"start":{"line":5,"column":25},"end":{"line":6,"column":24}},{"start":{"line":5,"column":25},"end":{"line":6,"column":24}}]},"2":{"loc":{"start":{"line":17,"column":8},"end":{"line":21,"column":9}},"type":"if","locations":[{"start":{"line":17,"column":8},"end":{"line":21,"column":9}},{"start":{"line":17,"column":8},"end":{"line":21,"column":9}}]},"3":{"loc":{"start":{"line":28,"column":8},"end":{"line":30,"column":9}},"type":"if","locations":[{"start":{"line":28,"column":8},"end":{"line":30,"column":9}},{"start":{"line":28,"column":8},"end":{"line":30,"column":9}}]},"4":{"loc":{"start":{"line":39,"column":8},"end":{"line":41,"column":9}},"type":"if","locations":[{"start":{"line":39,"column":8},"end":{"line":41,"column":9}},{"start":{"line":39,"column":8},"end":{"line":41,"column":9}}]},"5":{"loc":{"start":{"line":42,"column":8},"end":{"line":47,"column":9}},"type":"if","locations":[{"start":{"line":42,"column":8},"end":{"line":47,"column":9}},{"start":{"line":42,"column":8},"end":{"line":47,"column":9}}]},"6":{"loc":{"start":{"line":50,"column":32},"end":{"line":50,"column":84}},"type":"binary-expr","locations":[{"start":{"line":50,"column":32},"end":{"line":50,"column":78}},{"start":{"line":50,"column":82},"end":{"line":50,"column":84}}]},"7":{"loc":{"start":{"line":51,"column":8},"end":{"line":53,"column":9}},"type":"if","locations":[{"start":{"line":51,"column":8},"end":{"line":53,"column":9}},{"start":{"line":51,"column":8},"end":{"line":53,"column":9}}]},"8":{"loc":{"start":{"line":58,"column":8},"end":{"line":60,"column":9}},"type":"if","locations":[{"start":{"line":58,"column":8},"end":{"line":60,"column":9}},{"start":{"line":58,"column":8},"end":{"line":60,"column":9}}]},"9":{"loc":{"start":{"line":66,"column":8},"end":{"line":68,"column":9}},"type":"if","locations":[{"start":{"line":66,"column":8},"end":{"line":68,"column":9}},{"start":{"line":66,"column":8},"end":{"line":68,"column":9}}]},"10":{"loc":{"start":{"line":72,"column":8},"end":{"line":78,"column":9}},"type":"if","locations":[{"start":{"line":72,"column":8},"end":{"line":78,"column":9}},{"start":{"line":72,"column":8},"end":{"line":78,"column":9}}]},"11":{"loc":{"start":{"line":74,"column":12},"end":{"line":76,"column":13}},"type":"if","locations":[{"start":{"line":74,"column":12},"end":{"line":76,"column":13}},{"start":{"line":74,"column":12},"end":{"line":76,"column":13}}]},"12":{"loc":{"start":{"line":86,"column":12},"end":{"line":88,"column":13}},"type":"if","locations":[{"start":{"line":86,"column":12},"end":{"line":88,"column":13}},{"start":{"line":86,"column":12},"end":{"line":88,"column":13}}]},"13":{"loc":{"start":{"line":86,"column":16},"end":{"line":86,"column":77}},"type":"binary-expr","locations":[{"start":{"line":86,"column":16},"end":{"line":86,"column":43}},{"start":{"line":86,"column":47},"end":{"line":86,"column":77}}]},"14":{"loc":{"start":{"line":90,"column":12},"end":{"line":92,"column":13}},"type":"if","locations":[{"start":{"line":90,"column":12},"end":{"line":92,"column":13}},{"start":{"line":90,"column":12},"end":{"line":92,"column":13}}]}},"s":{"0":1,"1":0,"2":0,"3":0,"4":0,"5":0,"6":0,"7":1,"8":1,"9":1,"10":1,"11":0,"12":0,"13":0,"14":0,"15":0,"16":0,"17":3,"18":0,"19":3,"20":0,"21":0,"22":3,"23":3,"24":1,"25":2,"26":2,"27":2,"28":2,"29":2,"30":2,"31":0,"32":2,"33":4,"34":2,"35":4,"36":0,"37":4,"38":4,"39":4,"40":4,"41":0,"42":4,"43":4,"44":0,"45":0,"46":0,"47":0,"48":4,"49":0,"50":0,"51":0,"52":0,"53":0,"54":0,"55":0,"56":0,"57":0,"58":0,"59":1},"f":{"0":0,"1":0,"2":0,"3":0,"4":3,"5":0,"6":3,"7":2,"8":2,"9":4,"10":4,"11":4,"12":4,"13":0,"14":0},"b":{"0":[1,1,1,0],"1":[0,0],"2":[0,0],"3":[0,3],"4":[1,2],"5":[2,0],"6":[2,0],"7":[0,2],"8":[0,4],"9":[0,4],"10":[0,4],"11":[0,0],"12":[0,0],"13":[0,0],"14":[0,0]},"_coverageSchema":"332fd63041d2c1bcb487cc26dd0d5f7d97098a6c","hash":"14140315103ae66d5dec4a6e74addf656b45a761","contentHash":"b2847adf328f3f71ca396c1e1d9c490c_10.1.2"},"C:\\wamp\\www\\tracker-server\\src\\errors\\exceptions\\circular-dependency.exception.ts":{"path":"C:\\wamp\\www\\tracker-server\\src\\errors\\exceptions\\circular-dependency.exception.ts","statementMap":{"0":{"start":{"line":2,"column":28},"end":{"line":2,"column":58}},"1":{"start":{"line":5,"column":8},"end":{"line":6,"column":75}},"2":{"start":{"line":9,"column":0},"end":{"line":9,"column":66}}},"fnMap":{"0":{"name":"(anonymous_0)","decl":{"start":{"line":4,"column":4},"end":{"line":4,"column":5}},"loc":{"start":{"line":4,"column":22},"end":{"line":7,"column":5}}}},"branchMap":{},"s":{"0":1,"1":0,"2":1},"f":{"0":0},"b":{},"_coverageSchema":"332fd63041d2c1bcb487cc26dd0d5f7d97098a6c","hash":"81782ec86821b7dc5fcda2fab0a213ccb8f396cb","contentHash":"49ad64757989b782f39c13d0a9016c8b_10.1.2"},"C:\\wa
[...]
":{"line":11,"column":27},"end":{"line":15,"column":5}}},"3":{"name":"(anonymous_3)","decl":{"start":{"line":14,"column":25},"end":{"line":14,"column":26}},"loc":{"start":{"line":14,"column":37},"end":{"line":14,"column":64}}},"4":{"name":"(anonymous_4)","decl":{"start":{"line":16,"column":4},"end":{"line":16,"column":5}},"loc":{"start":{"line":16,"column":24},"end":{"line":18,"column":5}}},"5":{"name":"(anonymous_5)","decl":{"start":{"line":19,"column":4},"end":{"line":19,"column":5}},"loc":{"start":{"line":19,"column":33},"end":{"line":27,"column":5}}},"6":{"name":"(anonymous_6)","decl":{"start":{"line":21,"column":24},"end":{"line":21,"column":25}},"loc":{"start":{"line":21,"column":42},"end":{"line":26,"column":9}}},"7":{"name":"(anonymous_7)","decl":{"start":{"line":28,"column":4},"end":{"line":28,"column":5}},"loc":{"start":{"line":28,"column":34},"end":{"line":31,"column":5}}},"8":{"name":"(anonymous_8)","decl":{"start":{"line":30,"column":20},"end":{"line":30,"column":21}},"loc":{"start":{"line":30,"column":33},"end":{"line":30,"column":73}}},"9":{"name":"(anonymous_9)","decl":{"start":{"line":32,"column":4},"end":{"line":32,"column":5}},"loc":{"start":{"line":32,"column":30},"end":{"line":35,"column":5}}},"10":{"name":"(anonymous_10)","decl":{"start":{"line":34,"column":23},"end":{"line":34,"column":24}},"loc":{"start":{"line":34,"column":38},"end":{"line":34,"column":76}}},"11":{"name":"(anonymous_11)","decl":{"start":{"line":36,"column":4},"end":{"line":36,"column":5}},"loc":{"start":{"line":36,"column":26},"end":{"line":39,"column":5}}},"12":{"name":"(anonymous_12)","decl":{"start":{"line":38,"column":19},"end":{"line":38,"column":20}},"loc":{"start":{"line":38,"column":30},"end":{"line":38,"column":60}}},"13":{"name":"(anonymous_13)","decl":{"start":{"line":40,"column":4},"end":{"line":40,"column":5}},"loc":{"start":{"line":40,"column":27},"end":{"line":43,"column":5}}},"14":{"name":"(anonymous_14)","decl":{"start":{"line":42,"column":20},"end":{"line":42,"column":21}},"loc":{"start":{"line":42,"column":43},"end":{"line":42,"column":97}}},"15":{"name":"(anonymous_15)","decl":{"start":{"line":44,"column":4},"end":{"line":44,"column":5}},"loc":{"start":{"line":44,"column":40},"end":{"line":46,"column":5}}},"16":{"name":"(anonymous_16)","decl":{"start":{"line":47,"column":4},"end":{"line":47,"column":5}},"loc":{"start":{"line":47,"column":38},"end":{"line":49,"column":5}}},"17":{"name":"(anonymous_17)","decl":{"start":{"line":50,"column":4},"end":{"line":50,"column":5}},"loc":{"start":{"line":50,"column":54},"end":{"line":52,"column":5}}},"18":{"name":"(anonymous_18)","decl":{"start":{"line":53,"column":4},"end":{"line":53,"column":5}},"loc":{"start":{"line":53,"column":30},"end":{"line":55,"column":5}}}},"branchMap":{"0":{"loc":{"start":{"line":13,"column":29},"end":{"line":13,"column":73}},"type":"binary-expr","locations":[{"start":{"line":13,"column":29},"end":{"line":13,"column":67}},{"start":{"line":13,"column":71},"end":{"line":13,"column":73}}]},"1":{"loc":{"start":{"line":29,"column":24},"end":{"line":29,"column":68}},"type":"binary-expr","locations":[{"start":{"line":29,"column":24},"end":{"line":29,"column":62}},{"start":{"line":29,"column":66},"end":{"line":29,"column":68}}]},"2":{"loc":{"start":{"line":33,"column":27},"end":{"line":33,"column":74}},"type":"binary-expr","locations":[{"start":{"line":33,"column":27},"end":{"line":33,"column":68}},{"start":{"line":33,"column":72},"end":{"line":33,"column":74}}]},"3":{"loc":{"start":{"line":37,"column":23},"end":{"line":37,"column":71}},"type":"binary-expr","locations":[{"start":{"line":37,"column":23},"end":{"line":37,"column":65}},{"start":{"line":37,"column":69},"end":{"line":37,"column":71}}]},"4":{"loc":{"start":{"line":41,"column":24},"end":{"line":41,"column":68}},"type":"binary-expr","locations":[{"start":{"line":41,"column":24},"end":{"line":41,"column":62}},{"start":{"line":41,"column":66},"end":{"line":41,"column":68}}]}},"s":{"0":1,"1":4,"2":4,"3":4,"4":8,"5":8,"6":8,"7":4,"8":8,"9":4,"10":4,"11":6,"12":6,"13":6,"14":6,"15":6,"16":6,"17":3,"18":6,"19":6,"20":6,"21":6,"22":6,"23":6,"24":6,"25":6,"26":3,"27":3,"28":6,"29":2,"30":6,"31":1},"f":{"0":4,"1":4,"2":8,"3":4,"4":8,"5":4,"6":6,"7":6,"8":3,"9":6,"10":6,"11":6,"12":6,"13":6,"14":3,"15":3,"16":6,"17":2,"18":6},"b":{"0":[8,4],"1":[6,3],"2":[6,0],"3":[6,0],"4":[6,3]},"_coverageSchema":"332fd63041d2c1bcb487cc26dd0d5f7d97098a6c","hash":"fd06be5664042cf090ad4ee721e6e62e94dd5d57","contentHash":"d0594eb7182158e852f3f2035de8878e_10.1.2"},"C:\\wamp\\www\\tracker-server\\src\\socket\\test\\utils\\socket-gateway.decorator.spec.ts":{"path":"C:\\wamp\\www\\tracker-server\\src\\socket\\test\\utils\\socket-gateway.decorator.spec.ts","statementMap":{"0":{"start":{"line":2,"column":17},"end":{"line":7,"column":1}},"1":{"start":{"line":3,"column":12},"end":{"line":3,"column":28}},"2":{"start":{"line":3,"column":34},"end":{"line":3,"column":125}},"3":{"start":{"line":4,"column":4},"end":{"line":5,"column":150}},"4":{"start":{"line":4,"column":79},"end":{"line":4,"column":131}},"5":{"start":{"line":5,"column":9},"end":{"line":5,"column":150}},"6":{"start":{"line":5,"column":58},"end":{"line":5,"column":150}},"7":{"start":{"line":5,"column":81},"end":{"line":5,"column":150}},"8":{"start":{"line":6,"column":4},"end":{"line":6,"column":66}},"9":{"start":{"line":8,"column":17},"end":{"line":10,"column":1}},"10":{"start":{"line":9,"column":4},"end":{"line":9,"column":109}},"11":{"start":{"line":9,"column":79},"end":{"line":9,"column":109}},"12":{"start":{"line":11,"column":0},"end":{"line":11,"column":28}},"13":{"start":{"line":12,"column":15},"end":{"line":12,"column":30}},"14":{"start":{"line":13,"column":35},"end":{"line":13,"column":82}},"15":{"start":{"line":14,"column":0},"end":{"line":29,"column":3}},"16":{"start":{"line":15,"column":22},"end":{"line":16,"column":5}},"17":{"start":{"line":17,"column":4},"end":{"line":20,"column":20}},"18":{"start":{"line":21,"column":4},"end":{"line":28,"column":7}},"19":{"start":{"line":22,"column":26},"end":{"line":22,"column":73}},"20":{"start":{"line":23,"column":21},"end":{"line":23,"column":61}},"21":{"start":{"line":24,"column":26},"end":{"line":24,"column":71}},"22":{"start":{"line":25,"column":8},"end":{"line":25,"column":49}},"23":{"start":{"line":26,"column":8},"end":{"line":26,"column":42}},"24":{"start":{"line":27,"column":8},"end":{"line":27,"column":48}}},"fnMap":{"0":{"name":"(anonymous_0)","decl":{"start":{"line":2,"column":46},"end":{"line":2,"column":47}},"loc":{"start":{"line":2,"column":87},"end":{"line":7,"column":1}}},"1":{"name":"(anonymous_1)","decl":{"start":{"line":8,"column":46},"end":{"line":8,"column":47}},"loc":{"start":{"line":8,"column":62},"end":{"line":10,"column":1}}},"2":{"name":"(anonymous_2)","decl":{"start":{"line":14,"column":27},"end":{"line":14,"column":28}},"loc":{"start":{"line":14,"column":33},"end":{"line":29,"column":1}}},"3":{"name":"(anonymous_3)","decl":{"start":{"line":21,"column":54},"end":{"line":21,"column":55}},"loc":{"start":{"line":21,"column":60},"end":{"line":28,"column":5}}}},"branchMap":{"0":{"loc":{"start":{"line":2,"column":17},"end":{"line":7,"column":1}},"type":"binary-expr","locations":[{"start":{"line":2,"column":18},"end":{"line":2,"column":22}},{"start":{"line":2,"column":26},"end":{"line":2,"column":41}},{"start":{"line":2,"column":46},"end":{"line":7,"column":1}}]},"1":{"loc":{"start":{"line":3,"column":34},"end":{"line":3,"column":125}},"type":"cond-expr","locations":[{"start":{"line":3,"column":42},"end":{"line":3,"column":48}},{"start":{"line":3,"column":51},"end":{"line":3,"column":125}}]},"2":{"loc":{"start":{"line":3,"column":51},"end":{"line":3,"column":125}},"type":"cond-expr","locations":[{"start":{"line":3,"column":67},"end":{"line":3,"column":118}},{"start":{"line":3,"column":121},"end":{"line":3,"column":125}}]},"3":{"loc":{"start":{"line":4,"column":4},"end":{"line":5,"column":150}},"type":"if","locations":[{"start":{"line":4,"column":4},"end":{"line":5,"column":150}},{"start":{"line":4,"column":4},"end":{"line":5,"column":150}}]},"4":{"loc":{"start":{"line":4,"column":8},"end":{"line":4,"column":77}},"type":"binary-expr","locations":[{"start":{"line":4,"column":8},"end":{"line":4,"column":35}},{"start":{"line":4,"column":39},"end":{"line":4,"column":77}}]},"5":{"loc":{"start":{"line":5,"column":58},"end":{"line":5,"column":150}},"type":"if","locations":[{"start":{"line":5,"column":58},"end":{"line":5,"column":150}},{"start":{"line":5,"column":58},"end":{"line":5,"column":150}}]},"6":{"loc":{"start":{"line":5,"column":85},"end":{"line":5,"column":149}},"type":"binary-expr","locations":[{"start":{"line":5,"column":86},"end":{"line":5,"column":143}},{"start":{"line":5,"column":148},"end":{"line":5,"column":149}}]},"7":{"loc":{"start":{"line":5,"column":86},"end":{"line":5,"column":143}},"type":"cond-expr","locations":[{"start":{"line":5,"column":94},"end":{"line":5,"column":98}},{"start":{"line":5,"column":101},"end":{"line":5,"column":143}}]},"8":{"loc":{"start":{"line":5,"column":101},"end":{"line":5,"column":143}},"type":"cond-expr","locations":[{"start":{"line":5,"column":109},"end":{"line":5,"column":126}},{"start":{"line":5,"column":129},"end":{"line":5,"column":143}}]},"9":{"loc":{"start":{"line":6,"column":11},"end":{"line":6,"column":62}},"type":"binary-expr","locations":[{"start":{"line":6,"column":11},"end":{"line":6,"column":16}},{"start":{"line":6,"column":20},"end":{"line":6,"column":21}},{"start":{"line":6,"column":25},"end":{"line":6,"column":62}}]},"10":{"loc":{"start":{"line":8,"column":17},"end":{"line":10,"column":1}},"type":"binary-expr","locations":[{"start":{"line":8,"column":18},"end":{"line":8,"column":22}},{"start":{"line":8,"column":26},"end":{"line":8,"column":41}},{"start":{"line":8,"column":46},"end":{"line":10,"column":1}}]},"11":{"loc":{"start":{"line":9,"column":4},"end":{"line":9,"column":109}},"type":"if","locations":[{"start":{"line":9,"column":4},"end":{"line":9,"column":109}},{"start":{"line":9,"column":4},"end":{"line":9,"column":109}}]},"12":{"loc":{"start":{"line":9,"column":8},"end":{"line":9,"column":77}},"type":"binary-expr","locations":[{"start":{"line":9,"column":8},"end":{"line":9,"column":35}},{"start":{"line":9,"column":39},"end":{"line":9,"column":77}}]}},"s":{"0":1,"1":1,"2":1,"3":1,"4":1,"5":0,"6":0,"7":0,"8":1,"9":1,"10":1,"11":1,"12":1,"13":1,"14":1,"15":1,"16":1,"17":1,"18":1,"19":1,"20":1,"21":1,"22":1,"23":1,"24":1},"f":{"0":1,"1":1,"2":1,"3":1},"b":{"0":[1,1,1],"1":[1,0],"2":[0,0],"3":[1,0],"4":[1,1],"5":[0,0],"6":[0,0],"7":[0,0],"8":[0,0],"9":[1,0,0],"10":[1,1,1],"11":[1,0],"12":[1,1]},"_coverageSchema":"332fd63041d2c1bcb487cc26dd0d5f7d97098a6c","hash":"b366b91ea47b9dcb51d9266aca3d8da23eaf79f2","contentHash":"8267025eaedc55f7d8959ebad14011d2_10.1.2"},"C:\\wamp\\www\\tracker-server\\src\\socket\\utils\\socket-gateway.decorator.ts":{"path":"C:\\wamp\\www\\tracker-server\\src\\socket\\utils\\socket-gateway.decorator.ts","statementMap":{"0":{"start":{"line":2,"column":0},"end":{"line":2,"column":28}},"1":{"start":{"line":3,"column":0},"end":{"line":10,"column":2}},"2":{"start":{"line":4,"column":4},"end":{"line":4,"column":30}},"3":{"start":{"line":5,"column":4},"end":{"line":9,"column":6}},"4":{"start":{"line":6,"column":8},"end":{"line":6,"column":60}},"5":{"start":{"line":7,"column":8},"end":{"line":7,"column":72}},"6":{"start":{"line":8,"column":8},"end":{"line":8,"column":62}}},"fnMap":{"0":{"name":"(anonymous_0)","decl":{"start":{"line":3,"column":24},"end":{"line":3,"column":25}},"loc":{"start":{"line":3,"column":38},"end":{"line":10,"column":1}}},"1":{"name":"(anonymous_1)","decl":{"start":{"line":5,"column":11},"end":{"line":5,"column":12}},"loc":{"start":{"line":5,"column":23},"end":{"line":9,"column":5}}}},"branchMap":{"0":{"loc":{"start":{"line":4,"column":15},"end":{"line":4,"column":29}},"type":"binary-expr","locations":[{"start":{"line":4,"column":15},"end":{"line":4,"column":23}},{"start":{"line":4,"column":27},"end":{"line":4,"column":29}}]}},"s":{"0":1,"1":1,"2":1,"3":1,"4":1,"5":1,"6":1},"f":{"0":1,"1":1},"b":{"0":[1,0]},"_coverageSchema":"332fd63041d2c1bcb487cc26dd0d5f7d97098a6c","hash":"a2252ffc07da10cd761a1e56b6d4799443c91925","contentHash":"f1df00ff3b2e9ed508e060ac735ada36_10.1.2"},"C:\\wamp\\www\\tracker-server\\src\\socket\\test\\utils\\subscribe-message.decorator.spec.ts":{"path":"C:\\wamp\\www\\tracker-server\\src\\socket\\test\\utils\\subscribe-message.decorator.spec.ts","statementMap":{"0":{"start":{"line":2,"column":17},"end":{"line":7,"column":1}},"1":{"start":{"line":3,"column":12},"end":{"line":3,"column":28}},"2":{"start":{"line":3,"column":34},"end":{"line":3,"column":125}},"3":{"start":{"line":4,"column":4},"end":{"line":5,"column":150}},"4":{"start":{"line":4,"column":79},"end":{"line":4,"column":131}},"5":{"start":{"line":5,"column":9},"end":{"line":5,"column":150}},"6":{"start":{"line":5,"column":58},"end":{"line":5,"column":150}},"7":{"start":{"line":5,"column":81},"end":{"line":5,"column":150}},"8":{"start":{"line":6,"column":4},"end":{"line":6,"column":66}},"9":{"start":{"line":8,"column":17},"end":{"line":10,"column":1}},"10":{"start":{"line":9,"column":4},"end":{"line":9,"column":109}},"11":{"start":{"line":9,"column":79},"end":{"line":9,"column":109}},"12":{"start":{"line":11,"column":0},"end":{"line":11,"column":28}},"13":{"start":{"line":12,"column":15},"end":{"line":12,"column":30}},"14":{"start":{"line":13,"column":38},"end":{"line":13,"column":88}},"15":{"start":{"line":14,"column":0},"end":{"line":30,"column":3}},"16":{"start":{"line":18,"column":4},"end":{"line":23,"column":32}},"17":{"start":{"line":24,"column":4},"end":{"line":29,"column":7}},"18":{"start":{"line":25,"column":33},"end":{"line":25,"column":90}},"19":{"start":{"line":26,"column":24},"end":{"line":26,"column":70}},"20":{"start":{"line":27,"column":8},"end":{"line":27,"column":51}},"21":{"start":{"line":28,"column":8},"end":{"line":28,"column":51}}},"fnMap":{"0":{"name":"(anonymous_0)","decl":{"start":{"line":2,"column":46},"end":{"line":2,"column":47}},"loc":{"start":{"line":2,"column":87},"end":{"line":7,"column":1}}},"1":{"name":"(anonymous_1)","decl":{"start":{"line":8,"column":46},"end":{"line":8,"column":47}},"loc":{"start":{"line":8,"column":62},"end":{"line":10,"column":1}}},"2":{"name":"(anonymous_2)","decl":{"start":{"line":14,"column":30},"end":{"line":14,"column":31}},"loc":{"start":{"line":14,"column":36},"end":{"line":30,"column":1}}},"3":{"name":"(anonymous_3)","decl":{"start":{"line":16,"column":8},"end":{"line":16,"column":9}},"loc":{"start":{"line":16,"column":20},"end":{"line":16,"column":23}}},"4":{"name":"(anonymous_4)","decl":{"start":{"line":24,"column":54},"end":{"line":24,"column":55}},"loc":{"start":{"line":24,"column":60},"end":{"line":29,"column":5}}}},"branchMap":{"0":{"loc":{"start":{"line":2,"column":17},"end":{"line":7,"column":1}},"type":"binary-expr","locations":[{"start":{"line":2,"column":18},"end":{"line":2,"column":22}},{"start":{"line":2,"column":26},"end":{"line":2,"column":41}},{"start":{"line":2,"column":46},"end":{"line":7,"column":1}}]},"1":{"loc":{"start":{"line":3,"column":34},"end":{"line":3,"column":125}},"type":"cond-expr","locations":[{"start":{"line":3,"column":42},"end":{"line":3,"column":48}},{"start":{"line":3,"column":51},"end":{"line":3,"column":125}}]},"2":{"loc":{"start":{"line":3,"column":51},"end":{"line":3,"column":125}},"type":"cond-expr","locations":[{"start":{"line":3,"column":67},"end":{"line":3,"column":118}},{"start":{"line":3,"column":121},"end":{"line":3,"column":125}}]},"3":{"loc":{"start":{"line":4,"column":4},"end":{"line":5,"column":150}},"type":"if","locations":[{"start":{"line":4,"column":4},"end":{"line":5,"column":150}},{"start":{"line":4,"column":4},"end":{"line":5,"column":150}}]},"4":{"loc":{"start":{"line":4,"column":8},"end":{"line":4,"column":77}},"type":"binary-expr","locations":[{"start":{"line":4,"column":8},"end":{"line":4,"column":35}},{"start":{"line":4,"column":39},"end":{"line":4,"column":77}}]},"5":{"loc":{"start":{"line":5,"column":58},"end":{"line":5,"column":150}},"type":"if","locations":[{"start":{"line":5,"column":58},"end":{"line":5,"column":150}},{"start":{"line":5,"column":58},"end":{"line":5,"column":150}}]},"6":{"loc":{"start":{"line":5,"column":85},"end":{"line":5,"column":149}},"type":"binary-expr","locations":[{"start":{"line":5,"column":86},"end":{"line":5,"column":143}},{"start":{"line":5,"column":148},"end":{"line":5,"column":149}}]},"7":{"loc":{"start":{"line":5,"column":86},"end":{"line":5,"column":143}},"type":"cond-expr","locations":[{"start":{"line":5,"column":94},"end":{"line":5,"column":98}},{"start":{"line":5,"column":101},"end":{"line":5,"column":143}}]},"8":{"loc":{"start":{"line":5,"column":101},"end":{"line":5,"column":143}},"type":"cond-expr","locations":[{"start":{"line":5,"column":109},"end":{"line":5,"column":126}},{"start":{"line":5,"column":129},"end":{"line":5,"column":143}}]},"9":{"loc":{"start":{"line":6,"column":11},"end":{"line":6,"column":62}},"type":"binary-expr","locations":[{"start":{"line":6,"column":11},"end":{"line":6,"column":16}},{"start":{"line":6,"column":20},"end":{"line":6,"column":21}},{"start":{"line":6,"column":25},"end":{"line":6,"column":62}}]},"10":{"loc":{"start":{"line":8,"column":17},"end":{"line":10,"column":1}},"type":"binary-expr","locations":[{"start":{"line":8,"column":18},"end":{"line":8,"column":22}},{"start":{"line":8,"column":26},"end":{"line":8,"column":41}},{"start":{"line":8,"column":46},"end":{"line":10,"column":1}}]},"11":{"loc":{"start":{"line":9,"column":4},"end":{"line":9,"column":109}},"type":"if","locations":[{"start":{"line":9,"column":4},"end":{"line":9,"column":109}},{"start":{"line":9,"column":4},"end":{"line":9,"column":109}}]},"12":{"loc":{"start":{"line":9,"column":8},"end":{"line":9,"column":77}},"type":"binary-expr","locations":[{"start":{"line":9,"column":8},"end":{"line":9,"column":35}},{"start":{"line":9,"column":39},"end":{"line":9,"column":77}}]}},"s":{"0":1,"1":1,"2":1,"3":1,"4":1,"5":0,"6":0,"7":0,"8":1,"9":1,"10":3,"11":3,"12":1,"13":1,"14":1,"15":1,"16":1,"17":1,"18":1,"19":1,"20":1,"21":1},"f":{"0":1,"1":3,"2":1,"3":0,"4":1},"b":{"0":[1,1,1],"1":[0,1],"2":[1,0],"3":[1,0],"4":[1,1],"5":[0,0],"6":[0,0],"7":[0,0],"8":[0,0],"9":[1,1,1],"10":[1,1,1],"11":[3,0],"12":[3,3]},"_coverageSchema":"332fd63041d2c1bcb487cc26dd0d5f7d97098a6c","hash":"d302739967883049d4f108a1a532a2289815ff77","contentHash":"c960bf675a2f7f615c196bf3078fe43a_10.1.2"},"C:\\wamp\\www\\tracker-server\\src\\socket\\utils\\subscribe-message.decorator.ts":{"path":"C:\\wamp\\www\\tracker-server\\src\\socket\\utils\\subscribe-message.decorator.ts","statementMap":{"0":{"start":{"line":2,"column":0},"end":{"line":2,"column":28}},"1":{"start":{"line":3,"column":24},"end":{"line":3,"column":37}},"2":{"start":{"line":4,"column":0},"end":{"line":10,"column":2}},"3":{"start":{"line":5,"column":4},"end":{"line":9,"column":6}},"4":{"start":{"line":6,"column":8},"end":{"line":6,"column":77}},"5":{"start":{"line":7,"column":8},"end":{"line":7,"column":76}},"6":{"start":{"line":8,"column":8},"end":{"line":8,"column":26}}},"fnMap":{"0":{"name":"(anonymous_0)","decl":{"start":{"line":4,"column":27},"end":{"line":4,"column":28}},"loc":{"start":{"line":4,"column":59},"end":{"line":10,"column":1}}},"1":{"name":"(anonymous_1)","decl":{"start":{"line":5,"column":11},"end":{"line":5,"column":12}},"loc":{"start":{"line":5,"column":40},"end":{"line":9,"column":5}}}},"branchMap":{"0":{"loc":{"start":{"line":4,"column":28},"end":{"line":4,"column":54}},"type":"default-arg","locations":[{"start":{"line":4,"column":39},"end":{"line":4,"column":54}}]}},"s":{"0":1,"1":1,"2":1,"3":1,"4":1,"5":1,"6":1},"f":{"0":1,"1":1},"b":{"0":[0]},"_coverageSchema":"332fd63041d2c1bcb487cc26dd0d5f7d97098a6c","hash":"714100b96eecfc8efa905fadf9b564822dc01db5","contentHash":"2a87e8fc3a85ad38f4db7b430cf24363_10.1.2"}}